#
# A fatal error has been detected by the Java Runtime Environment:
#
#  EXCEPTION_ACCESS_VIOLATION (0xc0000005) at pc=0x000001988363be16, pid=3228, tid=1416
#
# JRE version: OpenJDK Runtime Environment Temurin-17.0.11+9 (17.0.11+9) (build 17.0.11+9)
# Java VM: OpenJDK 64-Bit Server VM Temurin-17.0.11+9 (17.0.11+9, mixed mode, emulated-client, tiered, compressed oops, compressed class ptrs, g1 gc, windows-amd64)
# Problematic frame:
# j  org.apache.catalina.connector.Request.setCharacterEncoding(Ljava/lang/String;)V+18
#
# No core dump will be written. Minidumps are not enabled by default on client versions of Windows
#
# If you would like to submit a bug report, please visit:
#   https://github.com/adoptium/adoptium-support/issues
#

---------------  S U M M A R Y ------------

Command Line: -Dcom.sun.management.jmxremote -Dcom.sun.management.jmxremote.port=50076 -Dcom.sun.management.jmxremote.authenticate=false -Dcom.sun.management.jmxremote.ssl=false -Djava.rmi.server.hostname=localhost -Dspring.jmx.enabled=true -Dmanagement.endpoints.jmx.exposure.include=* -Dspring.application.admin.enabled=true -XX:TieredStopAtLevel=1 -Dspring.boot.project.name=spring-webservice -Dfile.encoding=UTF-8 -Dstdout.encoding=UTF-8 -Dstderr.encoding=UTF-8 -XX:+ShowCodeDetailsInExceptionMessages com.springbackend.webservice.WebserviceApplication --spring.output.ansi.enabled=always

Host: Intel(R) Core(TM) i5-7200U CPU @ 2.50GHz, 4 cores, 7G,  Windows 10 , 64 bit Build 19041 (10.0.19041.3636)
Time: Sat Jun  8 19:20:05 2024 Hora oficial do Brasil elapsed time: 14.444868 seconds (0d 0h 0m 14s)

---------------  T H R E A D  ---------------

Current thread (0x0000019891d08330):  JavaThread "http-nio-8081-exec-1" daemon [_thread_in_Java, id=1416, stack(0x00000040c3e00000,0x00000040c3f00000)]

Stack: [0x00000040c3e00000,0x00000040c3f00000],  sp=0x00000040c3efe9e0,  free space=1018k
Native frames: (J=compiled Java code, j=interpreted, Vv=VM code, C=native code)
C  0x000001988363be16

The last pc belongs to fast_linearswitch (printed below).

siginfo: EXCEPTION_ACCESS_VIOLATION (0xc0000005), reading address 0x00000198c0759e90


Registers:
RAX=0x00000000d0733682, RBX=0x0000019895349e94, RCX=0x00000000ffffffff, RDX=0x000000002b410000
RSP=0x00000040c3efe9e0, RBP=0x00000040c3efea28, RSI=0x0000000000000001, RDI=0x000000008320ea60
R8 =0x00000198ffb0fa3e, R9 =0x00000000000000d3, R10=0x00007ff9dd98a9d0, R11=0x000001988d1f0ea0
R12=0x0000000000000000, R13=0x0000019895349e90, R14=0x00000040c3efea48, R15=0x0000019891d08330
RIP=0x000001988363be16, EFLAGS=0x0000000000010296


Register to memory mapping:

RIP=0x000001988363be16 is at code_begin+54 in an Interpreter codelet
fast_linearswitch  228 fast_linearswitch  [0x000001988363bde0, 0x000001988363be60]  128 bytes
RAX=0x00000000d0733682 is an unallocated location in the heap
RBX=0x0000019895349e94 is pointing into metadata
RCX=0x00000000ffffffff is an unallocated location in the heap
RDX=0x000000002b410000 is an unknown value
RSP=0x00000040c3efe9e0 is pointing into the stack for thread: 0x0000019891d08330
RBP=0x00000040c3efea28 is pointing into the stack for thread: 0x0000019891d08330
RSI=0x0000000000000001 is an unknown value
RDI=0x000000008320ea60 is an oop: java.util.concurrent.ConcurrentHashMap$Node 
{0x000000008320ea60} - klass: 'java/util/concurrent/ConcurrentHashMap$Node'
 - ---- fields (total size 4 words):
 - final 'hash' 'I' @12  111606580 (6a6fb34)
 - final 'key' 'Ljava/lang/Object;' @16  "utf-8"{0x00000000820906d8} (820906d8)
 - volatile 'val' 'Ljava/lang/Object;' @20  a 'sun/nio/cs/UTF_8'{0x00000000823673b8} (823673b8)
 - volatile 'next' 'Ljava/util/concurrent/ConcurrentHashMap$Node;' @24  NULL (0)
R8 =0x00000198ffb0fa3e points into unknown readable memory: 04 04
R9 =0x00000000000000d3 is an unknown value
R10=0x00007ff9dd98a9d0 jvm.dll
R11={method} {0x000001988d1f0ea8} 'name' '()Ljava/lang/String;' in 'java/nio/charset/Charset'
R12=0x0 is NULL
R13=0x0000019895349e90 is pointing into metadata
R14=0x00000040c3efea48 is pointing into the stack for thread: 0x0000019891d08330
R15=0x0000019891d08330 is a thread


Top of Stack: (sp=0x00000040c3efe9e0)
0x00000040c3efe9e0:   00000040c3efe9e0 0000019895349e8a
0x00000040c3efe9f0:   00000040c3efea48 0000019895358000
0x00000040c3efea00:   0000000000000000 0000000089c94840
0x00000040c3efea10:   0000019895349ec8 0000000000000000
0x00000040c3efea20:   00000040c3efea40 00000040c3efea98
0x00000040c3efea30:   00000198836293d6 00000000823673b8
0x00000040c3efea40:   00000000823673d0 0000000089ced198
0x00000040c3efea50:   00000040c3efea50 000001989537f551
0x00000040c3efea60:   00000040c3efeab0 0000019895382af0
0x00000040c3efea70:   0000000000000000 000000008875c7c8
0x00000040c3efea80:   000001989537f580 00000040c3efea40
0x00000040c3efea90:   00000040c3efeaa8 00000040c3efeb00
0x00000040c3efeaa0:   0000019883629712 00000000823673d0
0x00000040c3efeab0:   000000008875c908 00000040c3efeab8
0x00000040c3efeac0:   000001988e858c06 00000040c3efeb30
0x00000040c3efead0:   000001988f46a8d8 0000000000000000
0x00000040c3efeae0:   0000000082947fe8 000001988e858c88
0x00000040c3efeaf0:   00000040c3efeaa8 00000040c3efeb18
0x00000040c3efeb00:   00000040c3efeb80 00000198836293d6
0x00000040c3efeb10:   00000000823673d0 000000008866ee18
0x00000040c3efeb20:   00000000886780a0 000000008875c908
0x00000040c3efeb30:   00000000832d4a30 00000040c3efeb38
0x00000040c3efeb40:   000001988e85960e 00000040c3efebd0
0x00000040c3efeb50:   000001988f468af0 0000000000000000
0x00000040c3efeb60:   0000000082947f70 000001988e8596e8
0x00000040c3efeb70:   00000040c3efeb18 00000040c3efebb8
0x00000040c3efeb80:   00000040c3efec20 0000019883629712
0x00000040c3efeb90:   0000000000000000 0000000000000000
0x00000040c3efeba0:   000000008867a8f0 00000000886780a0
0x00000040c3efebb0:   000000008875c908 000000008866ee18
0x00000040c3efebc0:   00000000886780a0 000000008875c908
0x00000040c3efebd0:   00000000832d4a30 00000040c3efebd8 

Instructions: (pc=0x000001988363be16)
0x000001988363bd16:   03 49 ba d0 81 98 dd f9 7f 00 00 41 ff 24 da 66
0x000001988363bd26:   66 90 00 00 00 00 00 00 00 00 00 00 00 00 00 00
0x000001988363bd36:   00 00 00 00 00 00 00 00 00 00 40 e3 6f dd f9 7f
0x000001988363bd46:   00 00 80 00 00 00 e3 00 00 00 00 00 00 00 00 00
0x000001988363bd56:   00 00 00 00 00 00 00 00 00 00 48 83 ec 08 c5 fa
0x000001988363bd66:   11 04 24 eb 1f 48 83 ec 10 c5 fb 11 04 24 eb 14
0x000001988363bd76:   48 83 ec 10 48 89 04 24 48 c7 44 24 08 00 00 00
0x000001988363bd86:   00 eb 01 50 48 b9 90 69 7a dd f9 7f 00 00 48 83
0x000001988363bd96:   e4 f0 49 ba 40 2b 39 dd f9 7f 00 00 41 ff d2 f4
0x000001988363bda6:   66 90 00 00 00 00 00 00 00 00 00 00 00 00 00 00
0x000001988363bdb6:   00 00 00 00 00 00 00 00 00 00 58 e3 6f dd f9 7f
0x000001988363bdc6:   00 00 a0 00 00 00 e4 00 00 00 00 00 00 00 00 00
0x000001988363bdd6:   00 00 00 00 00 00 00 00 00 00 8b 04 24 48 83 c4
0x000001988363bde6:   08 0f c8 49 8d 5d 04 48 83 e3 fc 8b 4b 04 0f c9
0x000001988363bdf6:   eb 0a 3b 44 cb 08 0f 84 0b 00 00 00 ff c9 7d f2
0x000001988363be06:   8b 13 e9 04 00 00 00 8b 54 cb 0c 0f ca 48 63 d2
0x000001988363be16:   41 0f b6 5c 15 00 4c 03 ea 41 f6 87 50 03 00 00
0x000001988363be26:   01 74 0c 49 ba d0 49 99 dd f9 7f 00 00 eb 0a 49
0x000001988363be36:   ba d0 a9 98 dd f9 7f 00 00 41 ff 24 da 0f 1f 44
0x000001988363be46:   00 00 00 00 00 00 00 00 00 00 00 00 00 00 00 00
0x000001988363be56:   00 00 00 00 00 00 00 00 00 00 70 e3 6f dd f9 7f
0x000001988363be66:   00 00 e0 00 00 00 e5 00 00 00 00 00 00 00 00 00
0x000001988363be76:   00 00 00 00 00 00 00 00 00 00 8b 04 24 48 83 c4
0x000001988363be86:   08 49 8d 5d 0c 48 83 e3 fc 33 c9 8b 53 fc 0f ca
0x000001988363be96:   e9 13 00 00 00 67 8d 3c 11 d1 ff 8b 34 fb 0f ce
0x000001988363bea6:   3b c6 0f 4c d7 0f 4d cf 67 8d 79 01 3b fa 7c e5
0x000001988363beb6:   8b 34 cb 0f ce 3b c6 0f 85 36 00 00 00 8b 54 cb
0x000001988363bec6:   04 0f ca 48 63 d2 41 0f b6 5c 15 00 4c 03 ea 41
0x000001988363bed6:   f6 87 50 03 00 00 01 74 0c 49 ba d0 49 99 dd f9
0x000001988363bee6:   7f 00 00 eb 0a 49 ba d0 a9 98 dd f9 7f 00 00 41
0x000001988363bef6:   ff 24 da 8b 53 f8 0f ca 48 63 d2 41 0f b6 5c 15
0x000001988363bf06:   00 4c 03 ea 41 f6 87 50 03 00 00 01 74 0c 49 ba 


Stack slot to memory mapping:
stack at sp + 0 slots: 0x00000040c3efe9e0 is pointing into the stack for thread: 0x0000019891d08330
stack at sp + 1 slots: 0x0000019895349e8a is pointing into metadata
stack at sp + 2 slots: 0x00000040c3efea48 is pointing into the stack for thread: 0x0000019891d08330
stack at sp + 3 slots: 0x0000019895358000 is pointing into metadata
stack at sp + 4 slots: 0x0 is NULL
stack at sp + 5 slots: 0x0000000089c94840 is an oop: java.lang.Class 
{0x0000000089c94840} - klass: 'java/lang/Class'
 - ---- fields (total size 17 words):
 - private volatile transient 'classRedefinedCount' 'I' @12  0
 - private volatile transient 'cachedConstructor' 'Ljava/lang/reflect/Constructor;' @40  NULL (0)
 - private transient 'name' 'Ljava/lang/String;' @44  "org.apache.catalina.connector.Request"{0x0000000089c948d8} (89c948d8)
 - private transient 'module' 'Ljava/lang/Module;' @48  a 'java/lang/Module'{0x0000000081ff0220} (81ff0220)
 - private final 'classLoader' 'Ljava/lang/ClassLoader;' @52  a 'jdk/internal/loader/ClassLoaders$AppClassLoader'{0x00000000822fda00} (822fda00)
 - private transient 'classData' 'Ljava/lang/Object;' @56  NULL (0)
 - private transient 'packageName' 'Ljava/lang/String;' @60  "org.apache.catalina.connector"{0x0000000082d80620} (82d80620)
 - private final 'componentType' 'Ljava/lang/Class;' @64  NULL (0)
 - private volatile transient 'reflectionData' 'Ljava/lang/ref/SoftReference;' @68  NULL (0)
 - private volatile transient 'genericInfo' 'Lsun/reflect/generics/repository/ClassRepository;' @72  NULL (0)
 - private volatile transient 'enumConstants' '[Ljava/lang/Object;' @76  NULL (0)
 - private volatile transient 'enumConstantDirectory' 'Ljava/util/Map;' @80  NULL (0)
 - private volatile transient 'annotationData' 'Ljava/lang/Class$AnnotationData;' @84  NULL (0)
 - private volatile transient 'annotationType' 'Lsun/reflect/annotation/AnnotationType;' @88  NULL (0)
 - transient 'classValueMap' 'Ljava/lang/ClassValue$ClassValueMap;' @92  NULL (0)
 - signature: Lorg/apache/catalina/connector/Request;
 - fake entry for mirror: 'org/apache/catalina/connector/Request'
 - fake entry for array: NULL
 - fake entry for oop_size: 17
 - fake entry for static_oop_field_count: 5
 - private static final 'HTTP_UPGRADE_HEADER_NAME' 'Ljava/lang/String;' @112  "upgrade"{0x000000008335ca48} (8335ca48)
 - private static final 'log' 'Lorg/apache/juli/logging/Log;' @116  a 'org/apache/juli/logging/DirectJDKLog'{0x0000000089cd4d78} (89cd4d78)
 - protected static final 'sm' 'Lorg/apache/tomcat/util/res/StringManager;' @120  a 'org/apache/tomcat/util/res/StringManager'{0x00000000831df9d0} (831df9d0)
 - protected static final 'defaultLocale' 'Ljava/util/Locale;' @124  a 'java/util/Locale'{0x000000008231fce8} (8231fce8)
 - protected static final 'CACHED_POST_LEN' 'I' @132  8192 (2000)
 - private static final 'specialAttributes' 'Ljava/util/Map;' @128  a 'java/util/HashMap'{0x0000000089cd5580} (89cd5580)
stack at sp + 6 slots: {method} {0x0000019895349ed0} 'setCharacterEncoding' '(Ljava/lang/String;)V' in 'org/apache/catalina/connector/Request'
stack at sp + 7 slots: 0x0 is NULL

fast_linearswitch  228 fast_linearswitch  [0x000001988363bde0, 0x000001988363be60]  128 bytes
[MachCode]
  0x000001988363bde0: 8b04 2448 | 83c4 080f | c849 8d5d | 0448 83e3 | fc8b 4b04 | 0fc9 eb0a | 3b44 cb08 | 0f84 0b00 
  0x000001988363be00: 0000 ffc9 | 7df2 8b13 | e904 0000 | 008b 54cb | 0c0f ca48 | 63d2 410f | b65c 1500 | 4c03 ea41 
  0x000001988363be20: f687 5003 | 0000 0174 | 0c49 bad0 | 4999 ddf9 | 7f00 00eb | 0a49 bad0 | a998 ddf9 | 7f00 0041 
  0x000001988363be40: ff24 da0f | 1f44 0000 | 0000 0000 | 0000 0000 | 0000 0000 | 0000 0000 | 0000 0000 | 0000 0000 
[/MachCode]

---------------  P R O C E S S  ---------------

Threads class SMR info:
_java_thread_list=0x0000019893863c80, length=35, elements={
0x000001988cf7e3e0, 0x00000198910007e0, 0x000001988cf4d1d0, 0x000001988cf4dc00,
0x0000019891027020, 0x0000019891028090, 0x000001989102c600, 0x000001989103e610,
0x000001988cee4e30, 0x0000019891128950, 0x0000019891209970, 0x0000019891932120,
0x00000198919302c0, 0x0000019891a0f040, 0x0000019891d1e5e0, 0x00000198922fc9f0,
0x00000198922fced0, 0x0000019891d05090, 0x0000019891d055a0, 0x0000019891d07400,
0x0000019891d06ef0, 0x0000019891d05ab0, 0x0000019891d08330, 0x0000019893d02230,
0x0000019893d045a0, 0x0000019893d04090, 0x0000019893cfea80, 0x0000019893d02740,
0x0000019893cfef90, 0x0000019893cfe060, 0x0000019893d02c50, 0x0000019893d003d0,
0x0000019893d01810, 0x0000019893d01300, 0x0000019893d03160
}

Java Threads: ( => current thread )
  0x000001988cf7e3e0 JavaThread "Reference Handler" daemon [_thread_blocked, id=3056, stack(0x00000040c2000000,0x00000040c2100000)]
  0x00000198910007e0 JavaThread "Finalizer" daemon [_thread_blocked, id=11496, stack(0x00000040c2100000,0x00000040c2200000)]
  0x000001988cf4d1d0 JavaThread "Signal Dispatcher" daemon [_thread_blocked, id=3308, stack(0x00000040c2200000,0x00000040c2300000)]
  0x000001988cf4dc00 JavaThread "Attach Listener" daemon [_thread_blocked, id=2760, stack(0x00000040c2300000,0x00000040c2400000)]
  0x0000019891027020 JavaThread "Service Thread" daemon [_thread_blocked, id=11596, stack(0x00000040c2400000,0x00000040c2500000)]
  0x0000019891028090 JavaThread "Monitor Deflation Thread" daemon [_thread_blocked, id=3812, stack(0x00000040c2500000,0x00000040c2600000)]
  0x000001989102c600 JavaThread "C1 CompilerThread0" daemon [_thread_blocked, id=5820, stack(0x00000040c2600000,0x00000040c2700000)]
  0x000001989103e610 JavaThread "Sweeper thread" daemon [_thread_blocked, id=1220, stack(0x00000040c2700000,0x00000040c2800000)]
  0x000001988cee4e30 JavaThread "Common-Cleaner" daemon [_thread_blocked, id=10528, stack(0x00000040c2800000,0x00000040c2900000)]
  0x0000019891128950 JavaThread "C1 CompilerThread1" daemon [_thread_blocked, id=8464, stack(0x00000040c2900000,0x00000040c2a00000)]
  0x0000019891209970 JavaThread "Notification Thread" daemon [_thread_blocked, id=7396, stack(0x00000040c2a00000,0x00000040c2b00000)]
  0x0000019891932120 JavaThread "RMI TCP Accept-0" daemon [_thread_in_native, id=2540, stack(0x00000040c2c00000,0x00000040c2d00000)]
  0x00000198919302c0 JavaThread "RMI TCP Accept-50076" daemon [_thread_in_native, id=10132, stack(0x00000040c2d00000,0x00000040c2e00000)]
  0x0000019891a0f040 JavaThread "RMI TCP Accept-0" daemon [_thread_in_native, id=11548, stack(0x00000040c2e00000,0x00000040c2f00000)]
  0x0000019891d1e5e0 JavaThread "RMI TCP Connection(1)-127.0.0.1" daemon [_thread_in_native, id=8288, stack(0x00000040c3500000,0x00000040c3600000)]
  0x00000198922fc9f0 JavaThread "RMI Scheduler(0)" daemon [_thread_blocked, id=8560, stack(0x00000040c3600000,0x00000040c3700000)]
  0x00000198922fced0 JavaThread "RMI TCP Connection(2)-127.0.0.1" daemon [_thread_in_native, id=6772, stack(0x00000040c3700000,0x00000040c3800000)]
  0x0000019891d05090 JavaThread "JMX server connection timeout 21" daemon [_thread_blocked, id=10236, stack(0x00000040c3800000,0x00000040c3900000)]
  0x0000019891d055a0 JavaThread "HikariPool-1 housekeeper" daemon [_thread_blocked, id=8652, stack(0x00000040c3900000,0x00000040c3a00000)]
  0x0000019891d07400 JavaThread "Catalina-utility-1" [_thread_blocked, id=10172, stack(0x00000040c3b00000,0x00000040c3c00000)]
  0x0000019891d06ef0 JavaThread "Catalina-utility-2" [_thread_blocked, id=10160, stack(0x00000040c3c00000,0x00000040c3d00000)]
  0x0000019891d05ab0 JavaThread "container-0" [_thread_blocked, id=9416, stack(0x00000040c3d00000,0x00000040c3e00000)]
=>0x0000019891d08330 JavaThread "http-nio-8081-exec-1" daemon [_thread_in_Java, id=1416, stack(0x00000040c3e00000,0x00000040c3f00000)]
  0x0000019893d02230 JavaThread "http-nio-8081-exec-2" daemon [_thread_blocked, id=12060, stack(0x00000040c3f00000,0x00000040c4000000)]
  0x0000019893d045a0 JavaThread "http-nio-8081-exec-3" daemon [_thread_blocked, id=7792, stack(0x00000040c4000000,0x00000040c4100000)]
  0x0000019893d04090 JavaThread "http-nio-8081-exec-4" daemon [_thread_blocked, id=10292, stack(0x00000040c4100000,0x00000040c4200000)]
  0x0000019893cfea80 JavaThread "http-nio-8081-exec-5" daemon [_thread_blocked, id=2108, stack(0x00000040c4200000,0x00000040c4300000)]
  0x0000019893d02740 JavaThread "http-nio-8081-exec-6" daemon [_thread_blocked, id=4844, stack(0x00000040c4300000,0x00000040c4400000)]
  0x0000019893cfef90 JavaThread "http-nio-8081-exec-7" daemon [_thread_blocked, id=3512, stack(0x00000040c4400000,0x00000040c4500000)]
  0x0000019893cfe060 JavaThread "http-nio-8081-exec-8" daemon [_thread_blocked, id=9352, stack(0x00000040c4500000,0x00000040c4600000)]
  0x0000019893d02c50 JavaThread "http-nio-8081-exec-9" daemon [_thread_blocked, id=5100, stack(0x00000040c4600000,0x00000040c4700000)]
  0x0000019893d003d0 JavaThread "http-nio-8081-exec-10" daemon [_thread_blocked, id=8372, stack(0x00000040c4700000,0x00000040c4800000)]
  0x0000019893d01810 JavaThread "http-nio-8081-Poller" daemon [_thread_in_native, id=5800, stack(0x00000040c4800000,0x00000040c4900000)]
  0x0000019893d01300 JavaThread "http-nio-8081-Acceptor" daemon [_thread_in_native, id=10612, stack(0x00000040c4900000,0x00000040c4a00000)]
  0x0000019893d03160 JavaThread "DestroyJavaVM" [_thread_blocked, id=9908, stack(0x00000040c1900000,0x00000040c1a00000)]

Other Threads:
  0x000001988cf67f10 VMThread "VM Thread" [stack: 0x00000040c1f00000,0x00000040c2000000] [id=9820]
  0x00000198fd9cbad0 WatcherThread [stack: 0x00000040c2f00000,0x00000040c3000000] [id=1292]
  0x00000198fda25050 GCTaskThread "GC Thread#0" [stack: 0x00000040c1a00000,0x00000040c1b00000] [id=11552]
  0x0000019891a2b660 GCTaskThread "GC Thread#1" [stack: 0x00000040c3000000,0x00000040c3100000] [id=432]
  0x0000019891a2b920 GCTaskThread "GC Thread#2" [stack: 0x00000040c3100000,0x00000040c3200000] [id=828]
  0x0000019891a457f0 GCTaskThread "GC Thread#3" [stack: 0x00000040c3200000,0x00000040c3300000] [id=7208]
  0x00000198fda35af0 ConcurrentGCThread "G1 Main Marker" [stack: 0x00000040c1b00000,0x00000040c1c00000] [id=9620]
  0x00000198fda36d00 ConcurrentGCThread "G1 Conc#0" [stack: 0x00000040c1c00000,0x00000040c1d00000] [id=9472]
  0x00000198fda7d170 ConcurrentGCThread "G1 Refine#0" [stack: 0x00000040c1d00000,0x00000040c1e00000] [id=9328]
  0x0000019891a45ab0 ConcurrentGCThread "G1 Refine#1" [stack: 0x00000040c3300000,0x00000040c3400000] [id=9384]
  0x0000019891a33bf0 ConcurrentGCThread "G1 Refine#2" [stack: 0x00000040c3400000,0x00000040c3500000] [id=8528]
  0x00000198fda7dab0 ConcurrentGCThread "G1 Service" [stack: 0x00000040c1e00000,0x00000040c1f00000] [id=5004]

Threads with active compile tasks:

VM state: not at safepoint (normal execution)

VM Mutex/Monitor currently owned by a thread: None

Heap address: 0x0000000081e00000, size: 2018 MB, Compressed Oops mode: 32-bit

CDS archive(s) not mapped
Compressed class space mapped at: 0x0000000100000000-0x0000000140000000, reserved size: 1073741824
Narrow klass base: 0x0000000000000000, Narrow klass shift: 3, Narrow klass range: 0x140000000

GC Precious Log:
 CPUs: 4 total, 4 available
 Memory: 8067M
 Large Page Support: Disabled
 NUMA Support: Disabled
 Compressed Oops: Enabled (32-bit)
 Heap Region Size: 1M
 Heap Min Capacity: 8M
 Heap Initial Capacity: 128M
 Heap Max Capacity: 2018M
 Pre-touch: Disabled
 Parallel Workers: 4
 Concurrent Workers: 1
 Concurrent Refinement Workers: 4
 Periodic GC: Disabled

Heap:
 garbage-first heap   total 65536K, used 36445K [0x0000000081e00000, 0x0000000100000000)
  region size 1024K, 5 young (5120K), 1 survivors (1024K)
 Metaspace       used 79681K, committed 80320K, reserved 1179648K
  class space    used 11158K, committed 11456K, reserved 1048576K

Heap Regions: E=young(eden), S=young(survivor), O=old, HS=humongous(starts), HC=humongous(continues), CS=collection set, F=free, OA=open archive, CA=closed archive, TAMS=top-at-mark-start (previous, next)
|   0|0x0000000081e00000, 0x0000000081f00000, 0x0000000081f00000|100%|HS|  |TAMS 0x0000000081f00000, 0x0000000081e00000| Complete 
|   1|0x0000000081f00000, 0x0000000082000000, 0x0000000082000000|100%| O|  |TAMS 0x0000000082000000, 0x0000000081f00000| Untracked 
|   2|0x0000000082000000, 0x0000000082100000, 0x0000000082100000|100%| O|  |TAMS 0x0000000082100000, 0x0000000082000000| Untracked 
|   3|0x0000000082100000, 0x0000000082200000, 0x0000000082200000|100%| O|  |TAMS 0x0000000082200000, 0x0000000082100000| Untracked 
|   4|0x0000000082200000, 0x0000000082300000, 0x0000000082300000|100%| O|  |TAMS 0x0000000082300000, 0x0000000082200000| Untracked 
|   5|0x0000000082300000, 0x0000000082400000, 0x0000000082400000|100%| O|  |TAMS 0x0000000082400000, 0x0000000082300000| Untracked 
|   6|0x0000000082400000, 0x0000000082500000, 0x0000000082500000|100%| O|  |TAMS 0x0000000082500000, 0x0000000082400000| Untracked 
|   7|0x0000000082500000, 0x0000000082563000, 0x0000000082600000| 38%| O|  |TAMS 0x0000000082563000, 0x0000000082500000| Untracked 
|   8|0x0000000082600000, 0x0000000082700000, 0x0000000082700000|100%| O|  |TAMS 0x0000000082700000, 0x0000000082600000| Untracked 
|   9|0x0000000082700000, 0x0000000082800000, 0x0000000082800000|100%| O|  |TAMS 0x0000000082800000, 0x0000000082700000| Untracked 
|  10|0x0000000082800000, 0x0000000082900000, 0x0000000082900000|100%| O|  |TAMS 0x0000000082900000, 0x0000000082800000| Untracked 
|  11|0x0000000082900000, 0x0000000082a00000, 0x0000000082a00000|100%| O|  |TAMS 0x0000000082a00000, 0x0000000082900000| Untracked 
|  12|0x0000000082a00000, 0x0000000082b00000, 0x0000000082b00000|100%| O|  |TAMS 0x0000000082b00000, 0x0000000082a00000| Untracked 
|  13|0x0000000082b00000, 0x0000000082c00000, 0x0000000082c00000|100%| O|  |TAMS 0x0000000082c00000, 0x0000000082b00000| Untracked 
|  14|0x0000000082c00000, 0x0000000082d00000, 0x0000000082d00000|100%| O|  |TAMS 0x0000000082d00000, 0x0000000082c00000| Untracked 
|  15|0x0000000082d00000, 0x0000000082e00000, 0x0000000082e00000|100%| O|  |TAMS 0x0000000082e00000, 0x0000000082d00000| Untracked 
|  16|0x0000000082e00000, 0x0000000082f00000, 0x0000000082f00000|100%| O|  |TAMS 0x0000000082f00000, 0x0000000082e00000| Untracked 
|  17|0x0000000082f00000, 0x0000000083000000, 0x0000000083000000|100%| O|  |TAMS 0x0000000083000000, 0x0000000082f00000| Untracked 
|  18|0x0000000083000000, 0x0000000083100000, 0x0000000083100000|100%| O|  |TAMS 0x0000000083100000, 0x0000000083000000| Untracked 
|  19|0x0000000083100000, 0x0000000083200000, 0x0000000083200000|100%| O|  |TAMS 0x0000000083200000, 0x0000000083100000| Untracked 
|  20|0x0000000083200000, 0x0000000083300000, 0x0000000083300000|100%| O|  |TAMS 0x0000000083300000, 0x0000000083200000| Untracked 
|  21|0x0000000083300000, 0x0000000083400000, 0x0000000083400000|100%| O|  |TAMS 0x0000000083400000, 0x0000000083300000| Untracked 
|  22|0x0000000083400000, 0x0000000083500000, 0x0000000083500000|100%| O|  |TAMS 0x0000000083500000, 0x0000000083400000| Untracked 
|  23|0x0000000083500000, 0x0000000083600000, 0x0000000083600000|100%| O|  |TAMS 0x0000000083600000, 0x0000000083500000| Untracked 
|  24|0x0000000083600000, 0x0000000083700000, 0x0000000083700000|100%| O|  |TAMS 0x0000000083700000, 0x0000000083600000| Untracked 
|  25|0x0000000083700000, 0x0000000083800000, 0x0000000083800000|100%| O|  |TAMS 0x0000000083800000, 0x0000000083700000| Untracked 
|  26|0x0000000083800000, 0x0000000083900000, 0x0000000083900000|100%| O|  |TAMS 0x0000000083900000, 0x0000000083800000| Untracked 
|  27|0x0000000083900000, 0x0000000083a00000, 0x0000000083a00000|100%| O|  |TAMS 0x0000000083a00000, 0x0000000083900000| Untracked 
|  28|0x0000000083a00000, 0x0000000083b00000, 0x0000000083b00000|100%| O|  |TAMS 0x0000000083b00000, 0x0000000083a00000| Untracked 
|  29|0x0000000083b00000, 0x0000000083c00000, 0x0000000083c00000|100%| O|  |TAMS 0x0000000083b44400, 0x0000000083b00000| Untracked 
|  30|0x0000000083c00000, 0x0000000083d00000, 0x0000000083d00000|100%| O|  |TAMS 0x0000000083c00000, 0x0000000083c00000| Untracked 
|  31|0x0000000083d00000, 0x0000000083e00000, 0x0000000083e00000|100%| O|  |TAMS 0x0000000083d00000, 0x0000000083d00000| Untracked 
|  32|0x0000000083e00000, 0x0000000083f00000, 0x0000000083f00000|100%| O|  |TAMS 0x0000000083e00000, 0x0000000083e00000| Untracked 
|  33|0x0000000083f00000, 0x0000000083f5ae00, 0x0000000084000000| 35%| O|  |TAMS 0x0000000083f00000, 0x0000000083f00000| Untracked 
|  34|0x0000000084000000, 0x0000000084000000, 0x0000000084100000|  0%| F|  |TAMS 0x0000000084000000, 0x0000000084000000| Untracked 
|  35|0x0000000084100000, 0x0000000084100000, 0x0000000084200000|  0%| F|  |TAMS 0x0000000084100000, 0x0000000084100000| Untracked 
|  36|0x0000000084200000, 0x0000000084200000, 0x0000000084300000|  0%| F|  |TAMS 0x0000000084200000, 0x0000000084200000| Untracked 
|  37|0x0000000084300000, 0x0000000084300000, 0x0000000084400000|  0%| F|  |TAMS 0x0000000084300000, 0x0000000084300000| Untracked 
|  38|0x0000000084400000, 0x0000000084400000, 0x0000000084500000|  0%| F|  |TAMS 0x0000000084400000, 0x0000000084400000| Untracked 
|  39|0x0000000084500000, 0x0000000084500000, 0x0000000084600000|  0%| F|  |TAMS 0x0000000084500000, 0x0000000084500000| Untracked 
|  40|0x0000000084600000, 0x0000000084600000, 0x0000000084700000|  0%| F|  |TAMS 0x0000000084600000, 0x0000000084600000| Untracked 
|  41|0x0000000084700000, 0x0000000084700000, 0x0000000084800000|  0%| F|  |TAMS 0x0000000084700000, 0x0000000084700000| Untracked 
|  42|0x0000000084800000, 0x0000000084800000, 0x0000000084900000|  0%| F|  |TAMS 0x0000000084800000, 0x0000000084800000| Untracked 
|  43|0x0000000084900000, 0x0000000084900000, 0x0000000084a00000|  0%| F|  |TAMS 0x0000000084900000, 0x0000000084900000| Untracked 
|  44|0x0000000084a00000, 0x0000000084a00000, 0x0000000084b00000|  0%| F|  |TAMS 0x0000000084a00000, 0x0000000084a00000| Untracked 
|  45|0x0000000084b00000, 0x0000000084bd9638, 0x0000000084c00000| 84%| S|CS|TAMS 0x0000000084b00000, 0x0000000084b00000| Complete 
|  46|0x0000000084c00000, 0x0000000084c00000, 0x0000000084d00000|  0%| F|  |TAMS 0x0000000084c00000, 0x0000000084c00000| Untracked 
|  47|0x0000000084d00000, 0x0000000084d00000, 0x0000000084e00000|  0%| F|  |TAMS 0x0000000084d00000, 0x0000000084d00000| Untracked 
|  48|0x0000000084e00000, 0x0000000084e00000, 0x0000000084f00000|  0%| F|  |TAMS 0x0000000084e00000, 0x0000000084e00000| Untracked 
|  49|0x0000000084f00000, 0x0000000084f00000, 0x0000000085000000|  0%| F|  |TAMS 0x0000000084f00000, 0x0000000084f00000| Untracked 
|  50|0x0000000085000000, 0x0000000085000000, 0x0000000085100000|  0%| F|  |TAMS 0x0000000085000000, 0x0000000085000000| Untracked 
|  51|0x0000000085100000, 0x0000000085100000, 0x0000000085200000|  0%| F|  |TAMS 0x0000000085100000, 0x0000000085100000| Untracked 
|  52|0x0000000085200000, 0x0000000085200000, 0x0000000085300000|  0%| F|  |TAMS 0x0000000085200000, 0x0000000085200000| Untracked 
|  53|0x0000000085300000, 0x0000000085300000, 0x0000000085400000|  0%| F|  |TAMS 0x0000000085300000, 0x0000000085300000| Untracked 
|  54|0x0000000085400000, 0x0000000085400000, 0x0000000085500000|  0%| F|  |TAMS 0x0000000085400000, 0x0000000085400000| Untracked 
|  55|0x0000000085500000, 0x0000000085500000, 0x0000000085600000|  0%| F|  |TAMS 0x0000000085500000, 0x0000000085500000| Untracked 
|  56|0x0000000085600000, 0x0000000085600000, 0x0000000085700000|  0%| F|  |TAMS 0x0000000085600000, 0x0000000085600000| Untracked 
|  57|0x0000000085700000, 0x0000000085700000, 0x0000000085800000|  0%| F|  |TAMS 0x0000000085700000, 0x0000000085700000| Untracked 
|  58|0x0000000085800000, 0x0000000085800000, 0x0000000085900000|  0%| F|  |TAMS 0x0000000085800000, 0x0000000085800000| Untracked 
| 103|0x0000000088500000, 0x0000000088500000, 0x0000000088600000|  0%| F|  |TAMS 0x0000000088500000, 0x0000000088500000| Untracked 
| 104|0x0000000088600000, 0x0000000088683838, 0x0000000088700000| 51%| E|  |TAMS 0x0000000088600000, 0x0000000088600000| Complete 
| 105|0x0000000088700000, 0x0000000088800000, 0x0000000088800000|100%| E|CS|TAMS 0x0000000088700000, 0x0000000088700000| Complete 
| 126|0x0000000089c00000, 0x0000000089d00000, 0x0000000089d00000|100%| E|CS|TAMS 0x0000000089c00000, 0x0000000089c00000| Complete 
| 127|0x0000000089d00000, 0x0000000089e00000, 0x0000000089e00000|100%| E|  |TAMS 0x0000000089d00000, 0x0000000089d00000| Complete 

Card table byte_map: [0x00000198ffad0000,0x00000198ffed0000] _byte_map_base: 0x00000198ff6c1000

Marking Bits (Prev, Next): (CMBitMap*) 0x00000198fda25580, (CMBitMap*) 0x00000198fda255c0
 Prev Bits: [0x0000019886a20000, 0x00000198889a8000)
 Next Bits: [0x00000198889b0000, 0x000001988a938000)

Polling page: 0x00000198fd860000

Metaspace:

Usage:
  Non-class:     66.92 MB used.
      Class:     10.90 MB used.
       Both:     77.81 MB used.

Virtual space:
  Non-class space:      128.00 MB reserved,      67.25 MB ( 53%) committed,  2 nodes.
      Class space:        1.00 GB reserved,      11.19 MB (  1%) committed,  1 nodes.
             Both:        1.12 GB reserved,      78.44 MB (  7%) committed. 

Chunk freelists:
   Non-Class:  12.22 MB
       Class:  4.67 MB
        Both:  16.89 MB

MaxMetaspaceSize: unlimited
CompressedClassSpaceSize: 1.00 GB
Initial GC threshold: 21.00 MB
Current GC threshold: 126.06 MB
CDS: off
MetaspaceReclaimPolicy: balanced
 - commit_granule_bytes: 65536.
 - commit_granule_words: 8192.
 - virtual_space_node_default_size: 8388608.
 - enlarge_chunks_in_place: 1.
 - new_chunks_are_fully_committed: 0.
 - uncommit_free_chunks: 1.
 - use_allocation_guard: 0.
 - handle_deallocations: 1.


Internal statistics:

num_allocs_failed_limit: 15.
num_arena_births: 832.
num_arena_deaths: 0.
num_vsnodes_births: 3.
num_vsnodes_deaths: 0.
num_space_committed: 1255.
num_space_uncommitted: 0.
num_chunks_returned_to_freelist: 15.
num_chunks_taken_from_freelist: 3463.
num_chunk_merges: 15.
num_chunk_splits: 2521.
num_chunks_enlarged: 1978.
num_inconsistent_stats: 0.

CodeCache: size=49152Kb used=11211Kb max_used=11564Kb free=37940Kb
 bounds [0x0000019883620000, 0x0000019884170000, 0x0000019886620000]
 total_blobs=6883 nmethods=6200 adapters=608
 compilation: enabled
              stopped_count=0, restarted_count=0
 full_count=0

Compilation events (20 events):
Event: 14.354 Thread 0x0000019891128950 6191       1       java.util.ResourceBundle$KeyElementReference::<init> (12 bytes)
Event: 14.354 Thread 0x0000019891128950 nmethod 6191 0x0000019883921510 code [0x00000198839216a0, 0x0000019883921898]
Event: 14.359 Thread 0x000001989102c600 6192       1       java.lang.invoke.LambdaFormEditor::oldSpeciesData (8 bytes)
Event: 14.359 Thread 0x000001989102c600 nmethod 6192 0x0000019883920d90 code [0x0000019883920f40, 0x00000198839210d8]
Event: 14.360 Thread 0x0000019891128950 6193       1       java.lang.invoke.LambdaFormBuffer::indexOf (25 bytes)
Event: 14.360 Thread 0x0000019891128950 nmethod 6193 0x0000019883920710 code [0x00000198839208a0, 0x00000198839209b8]
Event: 14.362 Thread 0x000001989102c600 6195       1       java.nio.HeapByteBuffer::put (17 bytes)
Event: 14.362 Thread 0x0000019891128950 6196   !   1       org.apache.tomcat.util.http.parser.HttpParser::isControl (9 bytes)
Event: 14.363 Thread 0x0000019891128950 nmethod 6196 0x000001988391fa90 code [0x000001988391fc20, 0x000001988391fd38]
Event: 14.363 Thread 0x000001989102c600 nmethod 6195 0x000001988391f690 code [0x000001988391f820, 0x000001988391f938]
Event: 14.368 Thread 0x000001989102c600 6197   !   1       org.apache.tomcat.util.http.parser.HttpParser::isToken (9 bytes)
Event: 14.368 Thread 0x000001989102c600 nmethod 6197 0x000001988391f310 code [0x000001988391f4a0, 0x000001988391f5b8]
Event: 14.368 Thread 0x0000019891128950 6198       1       org.apache.tomcat.util.http.MimeHeaderField::getName (5 bytes)
Event: 14.368 Thread 0x0000019891128950 nmethod 6198 0x000001988391f010 code [0x000001988391f1a0, 0x000001988391f278]
Event: 14.402 Thread 0x0000019891128950 6199 %     1       java.util.Properties$LineReader::readLine @ 293 (584 bytes)
Event: 14.404 Thread 0x0000019891128950 nmethod 6199% 0x000001988391d090 code [0x000001988391d320, 0x000001988391e658]
Event: 14.436 Thread 0x000001989102c600 6200 %     1       java.util.Properties$LineReader::readLine @ 53 (584 bytes)
Event: 14.436 Thread 0x0000019891128950 6201       1       java.lang.AbstractStringBuilder::appendChars (130 bytes)
Event: 14.437 Thread 0x0000019891128950 nmethod 6201 0x000001988391c390 code [0x000001988391c560, 0x000001988391c968]
Event: 14.438 Thread 0x000001989102c600 nmethod 6200% 0x000001988391a410 code [0x000001988391a6a0, 0x000001988391b9d8]

GC Heap History (20 events):
Event: 4.739 GC heap before
{Heap before GC invocations=14 (full 0):
 garbage-first heap   total 54272K, used 39944K [0x0000000081e00000, 0x0000000100000000)
  region size 1024K, 20 young (20480K), 2 survivors (2048K)
 Metaspace       used 48994K, committed 49472K, reserved 1114112K
  class space    used 6359K, committed 6592K, reserved 1048576K
}
Event: 4.743 GC heap after
{Heap after GC invocations=15 (full 0):
 garbage-first heap   total 54272K, used 22314K [0x0000000081e00000, 0x0000000100000000)
  region size 1024K, 2 young (2048K), 2 survivors (2048K)
 Metaspace       used 48994K, committed 49472K, reserved 1114112K
  class space    used 6359K, committed 6592K, reserved 1048576K
}
Event: 5.108 GC heap before
{Heap before GC invocations=15 (full 0):
 garbage-first heap   total 54272K, used 41770K [0x0000000081e00000, 0x0000000100000000)
  region size 1024K, 21 young (21504K), 2 survivors (2048K)
 Metaspace       used 52868K, committed 53312K, reserved 1114112K
  class space    used 6883K, committed 7104K, reserved 1048576K
}
Event: 5.112 GC heap after
{Heap after GC invocations=16 (full 0):
 garbage-first heap   total 54272K, used 23111K [0x0000000081e00000, 0x0000000100000000)
  region size 1024K, 2 young (2048K), 2 survivors (2048K)
 Metaspace       used 52868K, committed 53312K, reserved 1114112K
  class space    used 6883K, committed 7104K, reserved 1048576K
}
Event: 5.539 GC heap before
{Heap before GC invocations=16 (full 0):
 garbage-first heap   total 54272K, used 41543K [0x0000000081e00000, 0x0000000100000000)
  region size 1024K, 21 young (21504K), 2 survivors (2048K)
 Metaspace       used 58530K, committed 59008K, reserved 1114112K
  class space    used 7795K, committed 8000K, reserved 1048576K
}
Event: 5.544 GC heap after
{Heap after GC invocations=17 (full 0):
 garbage-first heap   total 65536K, used 24006K [0x0000000081e00000, 0x0000000100000000)
  region size 1024K, 2 young (2048K), 2 survivors (2048K)
 Metaspace       used 58530K, committed 59008K, reserved 1114112K
  class space    used 7795K, committed 8000K, reserved 1048576K
}
Event: 6.141 GC heap before
{Heap before GC invocations=17 (full 0):
 garbage-first heap   total 65536K, used 51654K [0x0000000081e00000, 0x0000000100000000)
  region size 1024K, 29 young (29696K), 2 survivors (2048K)
 Metaspace       used 63348K, committed 63872K, reserved 1114112K
  class space    used 8608K, committed 8832K, reserved 1048576K
}
Event: 6.146 GC heap after
{Heap after GC invocations=18 (full 0):
 garbage-first heap   total 65536K, used 24993K [0x0000000081e00000, 0x0000000100000000)
  region size 1024K, 3 young (3072K), 3 survivors (3072K)
 Metaspace       used 63348K, committed 63872K, reserved 1114112K
  class space    used 8608K, committed 8832K, reserved 1048576K
}
Event: 6.719 GC heap before
{Heap before GC invocations=18 (full 0):
 garbage-first heap   total 65536K, used 51617K [0x0000000081e00000, 0x0000000100000000)
  region size 1024K, 29 young (29696K), 3 survivors (3072K)
 Metaspace       used 67991K, committed 68608K, reserved 1114112K
  class space    used 9285K, committed 9600K, reserved 1048576K
}
Event: 6.726 GC heap after
{Heap after GC invocations=19 (full 0):
 garbage-first heap   total 65536K, used 27267K [0x0000000081e00000, 0x0000000100000000)
  region size 1024K, 4 young (4096K), 4 survivors (4096K)
 Metaspace       used 67991K, committed 68608K, reserved 1114112K
  class space    used 9285K, committed 9600K, reserved 1048576K
}
Event: 6.805 GC heap before
{Heap before GC invocations=19 (full 0):
 garbage-first heap   total 65536K, used 32387K [0x0000000081e00000, 0x0000000100000000)
  region size 1024K, 10 young (10240K), 4 survivors (4096K)
 Metaspace       used 68469K, committed 69056K, reserved 1114112K
  class space    used 9385K, committed 9664K, reserved 1048576K
}
Event: 6.812 GC heap after
{Heap after GC invocations=20 (full 0):
 garbage-first heap   total 65536K, used 28330K [0x0000000081e00000, 0x0000000100000000)
  region size 1024K, 1 young (1024K), 1 survivors (1024K)
 Metaspace       used 68469K, committed 69056K, reserved 1114112K
  class space    used 9385K, committed 9664K, reserved 1048576K
}
Event: 7.113 GC heap before
{Heap before GC invocations=21 (full 0):
 garbage-first heap   total 65536K, used 50858K [0x0000000081e00000, 0x0000000100000000)
  region size 1024K, 24 young (24576K), 1 survivors (1024K)
 Metaspace       used 71469K, committed 72128K, reserved 1114112K
  class space    used 9992K, committed 10304K, reserved 1048576K
}
Event: 7.117 GC heap after
{Heap after GC invocations=22 (full 0):
 garbage-first heap   total 65536K, used 29354K [0x0000000081e00000, 0x0000000100000000)
  region size 1024K, 2 young (2048K), 2 survivors (2048K)
 Metaspace       used 71469K, committed 72128K, reserved 1114112K
  class space    used 9992K, committed 10304K, reserved 1048576K
}
Event: 7.550 GC heap before
{Heap before GC invocations=23 (full 0):
 garbage-first heap   total 65536K, used 51882K [0x0000000081e00000, 0x0000000100000000)
  region size 1024K, 24 young (24576K), 2 survivors (2048K)
 Metaspace       used 74058K, committed 74560K, reserved 1114112K
  class space    used 10384K, committed 10624K, reserved 1048576K
}
Event: 7.557 GC heap after
{Heap after GC invocations=24 (full 0):
 garbage-first heap   total 65536K, used 31715K [0x0000000081e00000, 0x0000000100000000)
  region size 1024K, 3 young (3072K), 3 survivors (3072K)
 Metaspace       used 74058K, committed 74560K, reserved 1114112K
  class space    used 10384K, committed 10624K, reserved 1048576K
}
Event: 8.021 GC heap before
{Heap before GC invocations=24 (full 0):
 garbage-first heap   total 65536K, used 51171K [0x0000000081e00000, 0x0000000100000000)
  region size 1024K, 22 young (22528K), 3 survivors (3072K)
 Metaspace       used 76303K, committed 76864K, reserved 1179648K
  class space    used 10723K, committed 11008K, reserved 1048576K
}
Event: 8.028 GC heap after
{Heap after GC invocations=25 (full 0):
 garbage-first heap   total 65536K, used 33477K [0x0000000081e00000, 0x0000000100000000)
  region size 1024K, 2 young (2048K), 2 survivors (2048K)
 Metaspace       used 76303K, committed 76864K, reserved 1179648K
  class space    used 10723K, committed 11008K, reserved 1048576K
}
Event: 14.312 GC heap before
{Heap before GC invocations=26 (full 0):
 garbage-first heap   total 65536K, used 51909K [0x0000000081e00000, 0x0000000100000000)
  region size 1024K, 20 young (20480K), 2 survivors (2048K)
 Metaspace       used 78658K, committed 79296K, reserved 1179648K
  class space    used 11043K, committed 11328K, reserved 1048576K
}
Event: 14.318 GC heap after
{Heap after GC invocations=27 (full 0):
 garbage-first heap   total 65536K, used 34397K [0x0000000081e00000, 0x0000000100000000)
  region size 1024K, 1 young (1024K), 1 survivors (1024K)
 Metaspace       used 78658K, committed 79296K, reserved 1179648K
  class space    used 11043K, committed 11328K, reserved 1048576K
}

Dll operation events (10 events):
Event: 0.011 Loaded shared library C:\sts-4.22.1.RELEASE\plugins\org.eclipse.justj.openjdk.hotspot.jre.full.win32.x86_64_17.0.11.v20240426-1830\jre\bin\java.dll
Event: 0.263 Loaded shared library C:\sts-4.22.1.RELEASE\plugins\org.eclipse.justj.openjdk.hotspot.jre.full.win32.x86_64_17.0.11.v20240426-1830\jre\bin\jimage.dll
Event: 0.280 Loaded shared library C:\sts-4.22.1.RELEASE\plugins\org.eclipse.justj.openjdk.hotspot.jre.full.win32.x86_64_17.0.11.v20240426-1830\jre\bin\net.dll
Event: 0.282 Loaded shared library C:\sts-4.22.1.RELEASE\plugins\org.eclipse.justj.openjdk.hotspot.jre.full.win32.x86_64_17.0.11.v20240426-1830\jre\bin\nio.dll
Event: 0.288 Loaded shared library C:\sts-4.22.1.RELEASE\plugins\org.eclipse.justj.openjdk.hotspot.jre.full.win32.x86_64_17.0.11.v20240426-1830\jre\bin\zip.dll
Event: 0.364 Loaded shared library C:\sts-4.22.1.RELEASE\plugins\org.eclipse.justj.openjdk.hotspot.jre.full.win32.x86_64_17.0.11.v20240426-1830\jre\bin\management.dll
Event: 0.381 Loaded shared library C:\sts-4.22.1.RELEASE\plugins\org.eclipse.justj.openjdk.hotspot.jre.full.win32.x86_64_17.0.11.v20240426-1830\jre\bin\management_ext.dll
Event: 0.671 Loaded shared library C:\sts-4.22.1.RELEASE\plugins\org.eclipse.justj.openjdk.hotspot.jre.full.win32.x86_64_17.0.11.v20240426-1830\jre\bin\extnet.dll
Event: 1.888 Loaded shared library C:\sts-4.22.1.RELEASE\plugins\org.eclipse.justj.openjdk.hotspot.jre.full.win32.x86_64_17.0.11.v20240426-1830\jre\bin\sunmscapi.dll
Event: 4.461 Loaded shared library C:\sts-4.22.1.RELEASE\plugins\org.eclipse.justj.openjdk.hotspot.jre.full.win32.x86_64_17.0.11.v20240426-1830\jre\bin\verify.dll

Deoptimization events (8 events):
Event: 3.068 Thread 0x00000198fd9cac00 DEOPT PACKING pc=0x0000019883ced34c sp=0x00000040c19fd500
Event: 3.068 Thread 0x00000198fd9cac00 DEOPT UNPACKING pc=0x0000019883677143 sp=0x00000040c19fc9b8 mode 0
Event: 6.489 Thread 0x00000198fd9cac00 DEOPT PACKING pc=0x0000019883e3019c sp=0x00000040c19fbf00
Event: 6.489 Thread 0x00000198fd9cac00 DEOPT UNPACKING pc=0x0000019883677143 sp=0x00000040c19fb458 mode 0
Event: 7.067 Thread 0x00000198fd9cac00 DEOPT PACKING pc=0x0000019883b5e0c2 sp=0x00000040c19fc1b0
Event: 7.067 Thread 0x00000198fd9cac00 DEOPT UNPACKING pc=0x0000019883677143 sp=0x00000040c19fb6b8 mode 3
Event: 7.067 Thread 0x00000198fd9cac00 DEOPT PACKING pc=0x0000019883b40045 sp=0x00000040c19fc170
Event: 7.067 Thread 0x00000198fd9cac00 DEOPT UNPACKING pc=0x0000019883677143 sp=0x00000040c19fb6b8 mode 3

Classes unloaded (0 events):
No events

Classes redefined (0 events):
No events

Internal exceptions (20 events):
Event: 6.813 Thread 0x00000198922fced0 Exception <a 'java/lang/reflect/InvocationTargetException'{0x0000000089d01bd0}> (0x0000000089d01bd0) 
thrown [s\src\hotspot\share\runtime\reflection.cpp, line 1121]
Event: 6.838 Thread 0x00000198fd9cac00 Exception <a 'java/lang/reflect/InvocationTargetException'{0x0000000089c2e3c8}> (0x0000000089c2e3c8) 
thrown [s\src\hotspot\share\runtime\reflection.cpp, line 1121]
Event: 7.137 Thread 0x00000198fd9cac00 Exception <a 'sun/nio/fs/WindowsException'{0x0000000089c563d8}> (0x0000000089c563d8) 
thrown [s\src\hotspot\share\prims\jni.cpp, line 516]
Event: 7.315 Thread 0x00000198922fced0 Exception <a 'java/lang/reflect/InvocationTargetException'{0x00000000853e24b0}> (0x00000000853e24b0) 
thrown [s\src\hotspot\share\runtime\reflection.cpp, line 1121]
Event: 7.464 Thread 0x00000198fd9cac00 Exception <a 'sun/nio/fs/WindowsException'{0x0000000084d93a00}> (0x0000000084d93a00) 
thrown [s\src\hotspot\share\prims\jni.cpp, line 516]
Event: 7.517 Thread 0x00000198fd9cac00 Exception <a 'java/lang/IncompatibleClassChangeError'{0x00000000849425e8}: Found class java.lang.Object, but interface was expected> (0x00000000849425e8) 
thrown [s\src\hotspot\share\interpreter\linkResolver.cpp, line 826]
Event: 7.677 Thread 0x00000198fd9cac00 Exception <a 'java/lang/NoSuchMethodError'{0x000000008857c370}: 'void java.lang.invoke.DirectMethodHandle$Holder.invokeVirtual(java.lang.Object, java.lang.Object, long)'> (0x000000008857c370) 
thrown [s\src\hotspot\share\interpreter\linkResolver.cpp, line 759]
Event: 7.810 Thread 0x00000198fd9cac00 Exception <a 'java/lang/NoSuchMethodError'{0x0000000085560128}: 'int java.lang.invoke.DirectMethodHandle$Holder.invokeStaticInit(java.lang.Object, java.lang.Object, java.lang.Object, java.lang.Object)'> (0x0000000085560128) 
thrown [s\src\hotspot\share\interpreter\linkResolver.cpp, line 759]
Event: 7.819 Thread 0x00000198922fced0 Exception <a 'java/lang/reflect/InvocationTargetException'{0x00000000855c88a0}> (0x00000000855c88a0) 
thrown [s\src\hotspot\share\runtime\reflection.cpp, line 1121]
Event: 7.893 Thread 0x00000198fd9cac00 Exception <a 'java/lang/IncompatibleClassChangeError'{0x000000008510b058}: Found class java.lang.Object, but interface was expected> (0x000000008510b058) 
thrown [s\src\hotspot\share\interpreter\linkResolver.cpp, line 826]
Event: 7.974 Thread 0x00000198fd9cac00 Exception <a 'java/lang/NoSuchMethodError'{0x0000000084c2ba30}: 'java.lang.Object java.lang.invoke.DirectMethodHandle$Holder.newInvokeSpecial(java.lang.Object, java.lang.Object, int, java.lang.Object, java.lang.Object)'> (0x0000000084c2ba30) 
thrown [s\src\hotspot\share\interpreter\linkResolver.cpp, line 759]
Event: 7.974 Thread 0x00000198fd9cac00 Exception <a 'java/lang/NoSuchMethodError'{0x0000000084c36fb0}: 'java.lang.Object java.lang.invoke.DirectMethodHandle$Holder.invokeSpecial(java.lang.Object, java.lang.Object, int, java.lang.Object, int, java.lang.Object)'> (0x0000000084c36fb0) 
thrown [s\src\hotspot\share\interpreter\linkResolver.cpp, line 759]
Event: 7.975 Thread 0x00000198fd9cac00 Exception <a 'java/lang/NoSuchMethodError'{0x0000000084c3edb8}: 'java.lang.Object java.lang.invoke.DirectMethodHandle$Holder.newInvokeSpecial(java.lang.Object, java.lang.Object, int, java.lang.Object, int)'> (0x0000000084c3edb8) 
thrown [s\src\hotspot\share\interpreter\linkResolver.cpp, line 759]
Event: 7.975 Thread 0x00000198fd9cac00 Exception <a 'java/lang/NoSuchMethodError'{0x0000000084c42eb8}: 'java.lang.Object java.lang.invoke.DirectMethodHandle$Holder.invokeSpecial(java.lang.Object, java.lang.Object, java.lang.Object, int, java.lang.Object, int)'> (0x0000000084c42eb8) 
thrown [s\src\hotspot\share\interpreter\linkResolver.cpp, line 759]
Event: 8.099 Thread 0x00000198fd9cac00 Exception <a 'java/lang/NoSuchMethodError'{0x0000000088710950}: 'int java.lang.invoke.DirectMethodHandle$Holder.invokeStatic(java.lang.Object, java.lang.Object, int, int)'> (0x0000000088710950) 
thrown [s\src\hotspot\share\interpreter\linkResolver.cpp, line 759]
Event: 8.172 Thread 0x00000198fd9cac00 Exception <a 'java/lang/IncompatibleClassChangeError'{0x00000000886fcc08}: Found class java.lang.Object, but interface was expected> (0x00000000886fcc08) 
thrown [s\src\hotspot\share\interpreter\linkResolver.cpp, line 826]
Event: 8.204 Thread 0x00000198fd9cac00 Exception <a 'java/lang/NoSuchMethodError'{0x00000000885d0070}: 'void java.lang.invoke.DirectMethodHandle$Holder.invokeSpecialIFC(java.lang.Object, java.lang.Object, int, java.lang.Object, java.lang.Object, java.lang.Object, java.lang.Object)'> (0x00000000885d0070) 
thrown [s\src\hotspot\share\interpreter\linkResolver.cpp, line 759]
Event: 8.282 Thread 0x00000198fd9cac00 Exception <a 'java/lang/IncompatibleClassChangeError'{0x0000000085655a50}: Found class java.lang.Object, but interface was expected> (0x0000000085655a50) 
thrown [s\src\hotspot\share\interpreter\linkResolver.cpp, line 826]
Event: 14.361 Thread 0x0000019891d08330 Exception <a 'java/lang/NoSuchMethodError'{0x0000000089c62fe8}: 'java.lang.Object java.lang.invoke.DirectMethodHandle$Holder.invokeSpecial(java.lang.Object, java.lang.Object, java.lang.Object, java.lang.Object, java.lang.Object, long)'> (0x0000000089c62fe8) 
thrown [s\src\hotspot\share\interpreter\linkResolver.cpp, line 759]
Event: 14.361 Thread 0x0000019891d08330 Exception <a 'java/lang/NoSuchMethodError'{0x0000000089c66a28}: 'java.lang.Object java.lang.invoke.Invokers$Holder.linkToTargetMethod(java.lang.Object, java.lang.Object, java.lang.Object, long, java.lang.Object)'> (0x0000000089c66a28) 
thrown [s\src\hotspot\share\interpreter\linkResolver.cpp, line 759]

VM Operations (20 events):
Event: 7.550 Executing VM operation: G1CollectForAllocation
Event: 7.557 Executing VM operation: G1CollectForAllocation done
Event: 7.708 Executing VM operation: HandshakeAllThreads
Event: 7.708 Executing VM operation: HandshakeAllThreads done
Event: 8.021 Executing VM operation: G1CollectForAllocation
Event: 8.029 Executing VM operation: G1CollectForAllocation done
Event: 8.112 Executing VM operation: G1PauseRemark
Event: 8.117 Executing VM operation: G1PauseRemark done
Event: 8.158 Executing VM operation: G1PauseCleanup
Event: 8.158 Executing VM operation: G1PauseCleanup done
Event: 9.166 Executing VM operation: Cleanup
Event: 9.166 Executing VM operation: Cleanup done
Event: 10.166 Executing VM operation: Cleanup
Event: 10.166 Executing VM operation: Cleanup done
Event: 14.312 Executing VM operation: G1CollectForAllocation
Event: 14.318 Executing VM operation: G1CollectForAllocation done
Event: 14.383 Executing VM operation: HandshakeAllThreads
Event: 14.383 Executing VM operation: HandshakeAllThreads done
Event: 14.414 Executing VM operation: HandshakeAllThreads
Event: 14.414 Executing VM operation: HandshakeAllThreads done

Events (20 events):
Event: 14.310 loading class java/nio/channels/SelectionKey
Event: 14.310 loading class java/nio/channels/SelectionKey done
Event: 14.310 loading class java/nio/channels/spi/AbstractSelectionKey done
Event: 14.310 loading class sun/nio/ch/SelectionKeyImpl done
Event: 14.310 loading class java/lang/invoke/ConstantBootstraps
Event: 14.311 loading class java/lang/invoke/ConstantBootstraps done
Event: 14.409 loading class java/nio/file/DirectoryNotEmptyException
Event: 14.409 loading class java/nio/file/DirectoryNotEmptyException done
Event: 14.409 loading class java/nio/file/AccessDeniedException
Event: 14.409 loading class java/nio/file/AccessDeniedException done
Event: 14.409 loading class java/nio/file/FileAlreadyExistsException
Event: 14.409 loading class java/nio/file/FileAlreadyExistsException done
Event: 14.409 loading class java/nio/file/AtomicMoveNotSupportedException
Event: 14.410 loading class java/nio/file/AtomicMoveNotSupportedException done
Event: 14.411 loading class java/nio/channels/NonWritableChannelException
Event: 14.412 loading class java/nio/channels/NonWritableChannelException done
Event: 14.419 loading class java/io/SequenceInputStream
Event: 14.419 loading class java/io/SequenceInputStream done
Event: 14.437 loading class java/net/BindException
Event: 14.437 loading class java/net/BindException done


Dynamic libraries:
0x00007ff6b58a0000 - 0x00007ff6b58ae000 	C:\sts-4.22.1.RELEASE\plugins\org.eclipse.justj.openjdk.hotspot.jre.full.win32.x86_64_17.0.11.v20240426-1830\jre\bin\javaw.exe
0x00007ffa40eb0000 - 0x00007ffa410a8000 	C:\WINDOWS\SYSTEM32\ntdll.dll
0x00007ffa40800000 - 0x00007ffa408bd000 	C:\WINDOWS\System32\KERNEL32.DLL
0x00007ffa3e950000 - 0x00007ffa3ec46000 	C:\WINDOWS\System32\KERNELBASE.dll
0x00007ffa3ec80000 - 0x00007ffa3ed80000 	C:\WINDOWS\System32\ucrtbase.dll
0x00007ff9def60000 - 0x00007ff9def77000 	C:\sts-4.22.1.RELEASE\plugins\org.eclipse.justj.openjdk.hotspot.jre.full.win32.x86_64_17.0.11.v20240426-1830\jre\bin\jli.dll
0x00007ffa40920000 - 0x00007ffa40abf000 	C:\WINDOWS\System32\USER32.dll
0x00007ffa3ec50000 - 0x00007ffa3ec72000 	C:\WINDOWS\System32\win32u.dll
0x00007ffa3f940000 - 0x00007ffa3f96b000 	C:\WINDOWS\System32\GDI32.dll
0x00007ffa3e560000 - 0x00007ffa3e677000 	C:\WINDOWS\System32\gdi32full.dll
0x00007ffa3e840000 - 0x00007ffa3e8dd000 	C:\WINDOWS\System32\msvcp_win.dll
0x00007ffa339f0000 - 0x00007ffa33a0b000 	C:\sts-4.22.1.RELEASE\plugins\org.eclipse.justj.openjdk.hotspot.jre.full.win32.x86_64_17.0.11.v20240426-1830\jre\bin\VCRUNTIME140.dll
0x00007ffa3d8c0000 - 0x00007ffa3db5a000 	C:\WINDOWS\WinSxS\amd64_microsoft.windows.common-controls_6595b64144ccf1df_6.0.19041.4355_none_60b8b9eb71f62e16\COMCTL32.dll
0x00007ffa40330000 - 0x00007ffa403ce000 	C:\WINDOWS\System32\msvcrt.dll
0x00007ffa407c0000 - 0x00007ffa407f2000 	C:\WINDOWS\System32\IMM32.DLL
0x00007ffa34750000 - 0x00007ffa3475c000 	C:\sts-4.22.1.RELEASE\plugins\org.eclipse.justj.openjdk.hotspot.jre.full.win32.x86_64_17.0.11.v20240426-1830\jre\bin\vcruntime140_1.dll
0x00007ffa1a6c0000 - 0x00007ffa1a74d000 	C:\sts-4.22.1.RELEASE\plugins\org.eclipse.justj.openjdk.hotspot.jre.full.win32.x86_64_17.0.11.v20240426-1830\jre\bin\msvcp140.dll
0x00007ff9dcde0000 - 0x00007ff9dda42000 	C:\sts-4.22.1.RELEASE\plugins\org.eclipse.justj.openjdk.hotspot.jre.full.win32.x86_64_17.0.11.v20240426-1830\jre\bin\server\jvm.dll
0x00007ffa40280000 - 0x00007ffa40330000 	C:\WINDOWS\System32\ADVAPI32.dll
0x00007ffa40720000 - 0x00007ffa407c0000 	C:\WINDOWS\System32\sechost.dll
0x00007ffa3f980000 - 0x00007ffa3faa3000 	C:\WINDOWS\System32\RPCRT4.dll
0x00007ffa3e810000 - 0x00007ffa3e837000 	C:\WINDOWS\System32\bcrypt.dll
0x00007ffa3e440000 - 0x00007ffa3e48b000 	C:\WINDOWS\SYSTEM32\POWRPROF.dll
0x00007ffa15e60000 - 0x00007ffa15e87000 	C:\WINDOWS\SYSTEM32\WINMM.dll
0x00007ffa13f20000 - 0x00007ffa13f29000 	C:\WINDOWS\SYSTEM32\WSOCK32.dll
0x00007ffa33a10000 - 0x00007ffa33a1a000 	C:\WINDOWS\SYSTEM32\VERSION.dll
0x00007ffa3f8d0000 - 0x00007ffa3f93b000 	C:\WINDOWS\System32\WS2_32.dll
0x00007ffa3e390000 - 0x00007ffa3e3a2000 	C:\WINDOWS\SYSTEM32\UMPDC.dll
0x00007ffa3c700000 - 0x00007ffa3c712000 	C:\WINDOWS\SYSTEM32\kernel.appcore.dll
0x00007ffa0c200000 - 0x00007ffa0c20a000 	C:\sts-4.22.1.RELEASE\plugins\org.eclipse.justj.openjdk.hotspot.jre.full.win32.x86_64_17.0.11.v20240426-1830\jre\bin\jimage.dll
0x00007ffa3de60000 - 0x00007ffa3e044000 	C:\WINDOWS\SYSTEM32\DBGHELP.DLL
0x00007ffa3dc70000 - 0x00007ffa3dca4000 	C:\WINDOWS\SYSTEM32\dbgcore.DLL
0x00007ffa3e780000 - 0x00007ffa3e802000 	C:\WINDOWS\System32\bcryptPrimitives.dll
0x00007ff9de220000 - 0x00007ff9de245000 	C:\sts-4.22.1.RELEASE\plugins\org.eclipse.justj.openjdk.hotspot.jre.full.win32.x86_64_17.0.11.v20240426-1830\jre\bin\java.dll
0x00007ff9de200000 - 0x00007ff9de218000 	C:\sts-4.22.1.RELEASE\plugins\org.eclipse.justj.openjdk.hotspot.jre.full.win32.x86_64_17.0.11.v20240426-1830\jre\bin\zip.dll
0x00007ffa3f030000 - 0x00007ffa3f79b000 	C:\WINDOWS\System32\SHELL32.dll
0x00007ffa38ef0000 - 0x00007ffa3968d000 	C:\WINDOWS\SYSTEM32\windows.storage.dll
0x00007ffa3ff20000 - 0x00007ffa40273000 	C:\WINDOWS\System32\combase.dll
0x00007ffa3d820000 - 0x00007ffa3d84e000 	C:\WINDOWS\SYSTEM32\Wldp.dll
0x00007ffa3f7a0000 - 0x00007ffa3f86d000 	C:\WINDOWS\System32\OLEAUT32.dll
0x00007ffa40570000 - 0x00007ffa4061d000 	C:\WINDOWS\System32\SHCORE.dll
0x00007ffa408c0000 - 0x00007ffa40915000 	C:\WINDOWS\System32\shlwapi.dll
0x00007ffa3e490000 - 0x00007ffa3e4b4000 	C:\WINDOWS\SYSTEM32\profapi.dll
0x00007ff9dc890000 - 0x00007ff9dc8a9000 	C:\sts-4.22.1.RELEASE\plugins\org.eclipse.justj.openjdk.hotspot.jre.full.win32.x86_64_17.0.11.v20240426-1830\jre\bin\net.dll
0x00007ffa32c40000 - 0x00007ffa32d4a000 	C:\WINDOWS\SYSTEM32\WINHTTP.dll
0x00007ffa3d6f0000 - 0x00007ffa3d75a000 	C:\WINDOWS\system32\mswsock.dll
0x00007ff9dc870000 - 0x00007ff9dc886000 	C:\sts-4.22.1.RELEASE\plugins\org.eclipse.justj.openjdk.hotspot.jre.full.win32.x86_64_17.0.11.v20240426-1830\jre\bin\nio.dll
0x00007ffa339a0000 - 0x00007ffa339a9000 	C:\sts-4.22.1.RELEASE\plugins\org.eclipse.justj.openjdk.hotspot.jre.full.win32.x86_64_17.0.11.v20240426-1830\jre\bin\management.dll
0x00007ffa30db0000 - 0x00007ffa30dbb000 	C:\sts-4.22.1.RELEASE\plugins\org.eclipse.justj.openjdk.hotspot.jre.full.win32.x86_64_17.0.11.v20240426-1830\jre\bin\management_ext.dll
0x00007ffa3eee0000 - 0x00007ffa3eee8000 	C:\WINDOWS\System32\PSAPI.DLL
0x00007ffa21da0000 - 0x00007ffa21db7000 	C:\WINDOWS\system32\napinsp.dll
0x00007ffa21d40000 - 0x00007ffa21d5b000 	C:\WINDOWS\system32\pnrpnsp.dll
0x00007ffa34c00000 - 0x00007ffa34c15000 	C:\WINDOWS\system32\wshbth.dll
0x00007ffa35d00000 - 0x00007ffa35d1d000 	C:\WINDOWS\system32\NLAapi.dll
0x00007ffa3d260000 - 0x00007ffa3d29b000 	C:\WINDOWS\SYSTEM32\IPHLPAPI.DLL
0x00007ffa3d2a0000 - 0x00007ffa3d36b000 	C:\WINDOWS\SYSTEM32\DNSAPI.dll
0x00007ffa40620000 - 0x00007ffa40628000 	C:\WINDOWS\System32\NSI.dll
0x00007ffa21c50000 - 0x00007ffa21c62000 	C:\WINDOWS\System32\winrnr.dll
0x00007ffa29740000 - 0x00007ffa2974a000 	C:\Windows\System32\rasadhlp.dll
0x00007ffa2d1c0000 - 0x00007ffa2d240000 	C:\WINDOWS\System32\fwpuclnt.dll
0x00007ffa3e1f0000 - 0x00007ffa3e208000 	C:\WINDOWS\SYSTEM32\CRYPTSP.dll
0x00007ffa3cf00000 - 0x00007ffa3cf34000 	C:\WINDOWS\system32\rsaenh.dll
0x00007ffa3e3f0000 - 0x00007ffa3e41e000 	C:\WINDOWS\SYSTEM32\USERENV.dll
0x00007ffa3d7e0000 - 0x00007ffa3d7ec000 	C:\WINDOWS\SYSTEM32\CRYPTBASE.dll
0x00007ffa31960000 - 0x00007ffa31977000 	C:\WINDOWS\SYSTEM32\dhcpcsvc6.DLL
0x00007ffa31f80000 - 0x00007ffa31f9d000 	C:\WINDOWS\SYSTEM32\dhcpcsvc.DLL
0x00007ffa339e0000 - 0x00007ffa339e9000 	C:\sts-4.22.1.RELEASE\plugins\org.eclipse.justj.openjdk.hotspot.jre.full.win32.x86_64_17.0.11.v20240426-1830\jre\bin\extnet.dll
0x00007ffa38790000 - 0x00007ffa3879e000 	C:\sts-4.22.1.RELEASE\plugins\org.eclipse.justj.openjdk.hotspot.jre.full.win32.x86_64_17.0.11.v20240426-1830\jre\bin\sunmscapi.dll
0x00007ffa3ed80000 - 0x00007ffa3eede000 	C:\WINDOWS\System32\CRYPT32.dll
0x00007ffa3d890000 - 0x00007ffa3d8b9000 	C:\WINDOWS\SYSTEM32\ncrypt.dll
0x00007ffa3d850000 - 0x00007ffa3d88b000 	C:\WINDOWS\SYSTEM32\NTASN1.dll
0x00007ff9def50000 - 0x00007ff9def60000 	C:\sts-4.22.1.RELEASE\plugins\org.eclipse.justj.openjdk.hotspot.jre.full.win32.x86_64_17.0.11.v20240426-1830\jre\bin\verify.dll
0x00007ffa0c120000 - 0x00007ffa0c127000 	C:\WINDOWS\system32\wshunix.dll

dbghelp: loaded successfully - version: 4.0.5 - missing functions: none
symbol engine: initialized successfully - sym options: 0x614 - pdb path: .;C:\sts-4.22.1.RELEASE\plugins\org.eclipse.justj.openjdk.hotspot.jre.full.win32.x86_64_17.0.11.v20240426-1830\jre\bin;C:\WINDOWS\SYSTEM32;C:\WINDOWS\WinSxS\amd64_microsoft.windows.common-controls_6595b64144ccf1df_6.0.19041.4355_none_60b8b9eb71f62e16;C:\sts-4.22.1.RELEASE\plugins\org.eclipse.justj.openjdk.hotspot.jre.full.win32.x86_64_17.0.11.v20240426-1830\jre\bin\server

VM Arguments:
jvm_args: -Dcom.sun.management.jmxremote -Dcom.sun.management.jmxremote.port=50076 -Dcom.sun.management.jmxremote.authenticate=false -Dcom.sun.management.jmxremote.ssl=false -Djava.rmi.server.hostname=localhost -Dspring.jmx.enabled=true -Dmanagement.endpoints.jmx.exposure.include=* -Dspring.application.admin.enabled=true -XX:TieredStopAtLevel=1 -Dspring.boot.project.name=spring-webservice -Dfile.encoding=UTF-8 -Dstdout.encoding=UTF-8 -Dstderr.encoding=UTF-8 -XX:+ShowCodeDetailsInExceptionMessages 
java_command: com.springbackend.webservice.WebserviceApplication --spring.output.ansi.enabled=always
java_class_path (initial): C:\ws-sts-spring\spring-webservice\target\classes;C:\Users\Heliel\.m2\repository\org\springframework\boot\spring-boot-starter-web\3.2.5\spring-boot-starter-web-3.2.5.jar;C:\Users\Heliel\.m2\repository\org\springframework\boot\spring-boot-starter\3.2.5\spring-boot-starter-3.2.5.jar;C:\Users\Heliel\.m2\repository\org\springframework\boot\spring-boot\3.2.5\spring-boot-3.2.5.jar;C:\Users\Heliel\.m2\repository\org\springframework\boot\spring-boot-autoconfigure\3.2.5\spring-boot-autoconfigure-3.2.5.jar;C:\Users\Heliel\.m2\repository\org\springframework\boot\spring-boot-starter-logging\3.2.5\spring-boot-starter-logging-3.2.5.jar;C:\Users\Heliel\.m2\repository\ch\qos\logback\logback-classic\1.4.14\logback-classic-1.4.14.jar;C:\Users\Heliel\.m2\repository\ch\qos\logback\logback-core\1.4.14\logback-core-1.4.14.jar;C:\Users\Heliel\.m2\repository\org\apache\logging\log4j\log4j-to-slf4j\2.21.1\log4j-to-slf4j-2.21.1.jar;C:\Users\Heliel\.m2\repository\org\apache\logging\log4j\log4j-api\2.21.1\log4j-api-2.21.1.jar;C:\Users\Heliel\.m2\repository\org\slf4j\jul-to-slf4j\2.0.13\jul-to-slf4j-2.0.13.jar;C:\Users\Heliel\.m2\repository\jakarta\annotation\jakarta.annotation-api\2.1.1\jakarta.annotation-api-2.1.1.jar;C:\Users\Heliel\.m2\repository\org\yaml\snakeyaml\2.2\snakeyaml-2.2.jar;C:\Users\Heliel\.m2\repository\org\springframework\boot\spring-boot-starter-json\3.2.5\spring-boot-starter-json-3.2.5.jar;C:\Users\Heliel\.m2\repository\com\fasterxml\jackson\datatype\jackson-datatype-jdk8\2.15.4\jackson-datatype-jdk8-2.15.4.jar;C:\Users\Heliel\.m2\repository\com\fasterxml\jackson\datatype\jackson-datatype-jsr310\2.15.4\jackson-datatype-jsr310-2.15.4.jar;C:\Users\Heliel\.m2\repository\com\fasterxml\jackson\module\jackson-module-parameter-names\2.15.4\jackson-module-parameter-names-2.15.4.jar;C:\Users\Heliel\.m2\repository\org\springframework\boot\spring-boot-starter-tomcat\3.2.5\spring-boot-starter-tomcat-3.2.5.jar;C:\Users\Heliel\.m2\repository\org\apache\tomcat
Launcher Type: SUN_STANDARD

[Global flags]
     intx CICompilerCount                          = 3                                         {product} {ergonomic}
     uint ConcGCThreads                            = 1                                         {product} {ergonomic}
     uint G1ConcRefinementThreads                  = 4                                         {product} {ergonomic}
   size_t G1HeapRegionSize                         = 1048576                                   {product} {ergonomic}
    uintx GCDrainStackTargetSize                   = 64                                        {product} {ergonomic}
   size_t InitialHeapSize                          = 134217728                                 {product} {ergonomic}
     bool ManagementServer                         = true                                      {product} {command line}
   size_t MarkStackSize                            = 4194304                                   {product} {ergonomic}
   size_t MaxHeapSize                              = 2116026368                                {product} {ergonomic}
   size_t MaxNewSize                               = 1268776960                                {product} {ergonomic}
   size_t MinHeapDeltaBytes                        = 1048576                                   {product} {ergonomic}
   size_t MinHeapSize                              = 8388608                                   {product} {ergonomic}
    uintx NonProfiledCodeHeapSize                  = 0                                      {pd product} {ergonomic}
     bool ProfileInterpreter                       = false                                  {pd product} {command line}
    uintx ProfiledCodeHeapSize                     = 0                                      {pd product} {ergonomic}
     bool ShowCodeDetailsInExceptionMessages       = true                                   {manageable} {command line}
   size_t SoftMaxHeapSize                          = 2116026368                             {manageable} {ergonomic}
     intx TieredStopAtLevel                        = 1                                         {product} {command line}
     bool UseCompressedClassPointers               = true                           {product lp64_product} {ergonomic}
     bool UseCompressedOops                        = true                           {product lp64_product} {ergonomic}
     bool UseG1GC                                  = true                                      {product} {ergonomic}
     bool UseLargePagesIndividualAllocation        = false                                  {pd product} {ergonomic}

Logging:
Log output configuration:
 #0: stdout all=warning uptime,level,tags
 #1: stderr all=off uptime,level,tags

Environment Variables:
PATH=C:/sts-4.22.1.RELEASE//plugins/org.eclipse.justj.openjdk.hotspot.jre.full.win32.x86_64_17.0.11.v20240426-1830/jre/bin/server;C:/sts-4.22.1.RELEASE//plugins/org.eclipse.justj.openjdk.hotspot.jre.full.win32.x86_64_17.0.11.v20240426-1830/jre/bin;your-unique-entries;%JAVA_HOME%\bin;C:\Program Files\PuTTY\;C:\OpenSSH-Win64;C:\Users\Heliel\AppData\Local\Microsoft\WindowsApps;C:\Users\Heliel\AppData\Local\Programs\Microsoft VS Code\bin;C:\Users\Heliel\.dotnet\tools;C:\Program Files\MySQL\MySQL Server 8.0\bin;C:\Program Files\Azure Data Studio\bin;C:\Users\Heliel\AppData\Roaming\npm;C:\Users\Heliel\AppData\Local\JetBrains\IntelliJ IDEA Community Edition 2023.2\bin;;C:\ProgramData\Heliel\GitHubDesktop\bin;C:\Users\Heliel\AppData\Local\GitHubDesktop\bin;C:\Program Files\Java\zulu17.36.17-ca-jdk17.0.4.1-win_x64\bin;;C:\sts-4.22.1.RELEASE;
USERNAME=Heliel
OS=Windows_NT
PROCESSOR_IDENTIFIER=Intel64 Family 6 Model 142 Stepping 9, GenuineIntel
TMP=C:\Users\Heliel\AppData\Local\Temp
TEMP=C:\Users\Heliel\AppData\Local\Temp



Periodic native trim disabled


---------------  S Y S T E M  ---------------

OS:
 Windows 10 , 64 bit Build 19041 (10.0.19041.3636)
OS uptime: 0 days 0:18 hours

CPU: total 4 (initial active 4) (2 cores per cpu, 2 threads per core) family 6 model 142 stepping 9 microcode 0xb4, cx8, cmov, fxsr, ht, mmx, 3dnowpref, sse, sse2, sse3, ssse3, sse4.1, sse4.2, popcnt, lzcnt, tsc, tscinvbit, avx, avx2, aes, erms, clmul, bmi1, bmi2, adx, fma, vzeroupper, clflush, clflushopt
Processor Information for all 4 processors :
  Max Mhz: 2712, Current Mhz: 2511, Mhz Limit: 2495

Memory: 4k page, system-wide physical 8067M (2378M free)
TotalPageFile size 10499M (AvailPageFile size 3513M)
current process WorkingSet (physical memory assigned to process): 220M, peak: 220M
current process commit charge ("private bytes"): 245M, peak: 245M

vm_info: OpenJDK 64-Bit Server VM (17.0.11+9) for windows-amd64 JRE (17.0.11+9), built on Apr 17 2024 06:07:48 by "admin" with MS VC++ 16.10 / 16.11 (VS2019)

END.
