#
# A fatal error has been detected by the Java Runtime Environment:
#
#  EXCEPTION_ACCESS_VIOLATION (0xc0000005) at pc=0x00007ffecd39cb66, pid=12460, tid=5068
#
# JRE version: OpenJDK Runtime Environment Temurin-17.0.11+9 (17.0.11+9) (build 17.0.11+9)
# Java VM: OpenJDK 64-Bit Server VM Temurin-17.0.11+9 (17.0.11+9, mixed mode, emulated-client, tiered, compressed oops, compressed class ptrs, g1 gc, windows-amd64)
# Problematic frame:
# V  [jvm.dll+0xcb66]
#
# No core dump will be written. Minidumps are not enabled by default on client versions of Windows
#
# If you would like to submit a bug report, please visit:
#   https://github.com/adoptium/adoptium-support/issues
#

---------------  S U M M A R Y ------------

Command Line: -Dcom.sun.management.jmxremote -Dcom.sun.management.jmxremote.port=60758 -Dcom.sun.management.jmxremote.authenticate=false -Dcom.sun.management.jmxremote.ssl=false -Djava.rmi.server.hostname=localhost -Dspring.jmx.enabled=true -Dmanagement.endpoints.jmx.exposure.include=* -Dspring.application.admin.enabled=true -XX:TieredStopAtLevel=1 -Dspring.boot.project.name=spring-webservice -Dfile.encoding=UTF-8 -Dstdout.encoding=UTF-8 -Dstderr.encoding=UTF-8 -XX:+ShowCodeDetailsInExceptionMessages com.springbackend.webservice.WebserviceApplication --spring.output.ansi.enabled=always

Host: Intel(R) Core(TM) i5-7200U CPU @ 2.50GHz, 4 cores, 7G,  Windows 10 , 64 bit Build 19041 (10.0.19041.3636)
Time: Sun Jun 16 12:24:57 2024 Hora oficial do Brasil elapsed time: 17.281715 seconds (0d 0h 0m 17s)

---------------  T H R E A D  ---------------

Current thread (0x000001bf6ddd9910):  ConcurrentGCThread "G1 Conc#0" [stack: 0x000000a3eb100000,0x000000a3eb200000] [id=5068]

Stack: [0x000000a3eb100000,0x000000a3eb200000],  sp=0x000000a3eb1ff8f8,  free space=1022k
Native frames: (J=compiled Java code, j=interpreted, Vv=VM code, C=native code)
V  [jvm.dll+0xcb66]


siginfo: EXCEPTION_ACCESS_VIOLATION (0xc0000005), reading address 0x0000000013080008


Registers:
RAX=0x0000000000000000, RBX=0x000001bf6ddc8101, RCX=0x0000000083a3a038, RDX=0x0000000083a3a038
RSP=0x000000a3eb1ff8f8, RBP=0x0000000000000000, RSI=0x000001bf6ddc8180, RDI=0x0000000083a3a038
R8 =0x000001bf76d20e80, R9 =0x0000000013080000, R10=0x0000000000000014, R11=0x0000000000000004
R12=0x0000000000000000, R13=0xaaaaaaaaaaaaaaab, R14=0x00000001000624a8, R15=0x000000008323a018
RIP=0x00007ffecd39cb66, EFLAGS=0x0000000000010206


Register to memory mapping:

RIP=0x00007ffecd39cb66 jvm.dll
RAX=0x0 is NULL
RBX=0x000001bf6ddc8101 points into unknown readable memory: 00 00 00 00 00 00 00
RCX=0x0000000083a3a038 is pointing into object: [B 
{0x0000000083a36dd0} - klass: {type array byte}
 - length: 23218
RDX=0x0000000083a3a038 is pointing into object: [B 
{0x0000000083a36dd0} - klass: {type array byte}
 - length: 23218
RSP=0x000000a3eb1ff8f8 points into unknown readable memory: 0x00007ffecd668d58 | 58 8d 66 cd fe 7f 00 00
RBP=0x0 is NULL
RSI=0x000001bf6ddc8180 points into unknown readable memory: 0x000001bf6ddd8700 | 00 87 dd 6d bf 01 00 00
RDI=0x0000000083a3a038 is pointing into object: [B 
{0x0000000083a36dd0} - klass: {type array byte}
 - length: 23218
R8 =0x000001bf76d20e80 points into unknown readable memory: 0x0000000000000080 | 80 00 00 00 00 00 00 00
R9 =0x0000000013080000 is an unknown value
R10=0x0000000000000014 is an unknown value
R11=0x0000000000000004 is an unknown value
R12=0x0 is NULL
R13=0xaaaaaaaaaaaaaaab is an unknown value
R14=0x00000001000624a8 is a pointer to class: 
R15=0x000000008323a018 is an oop: java.util.concurrent.ConcurrentHashMap$Node 
{0x000000008323a018} - klass: 'java/util/concurrent/ConcurrentHashMap$Node'
 - ---- fields (total size 4 words):
 - final 'hash' 'I' @12  405601874 (182cfe52)
 - final 'key' 'Ljava/lang/Object;' @16  a 'java/lang/invoke/MethodType$ConcurrentWeakInternSet$WeakEntry'{0x000000008323a038} (8323a038)
 - volatile 'val' 'Ljava/lang/Object;' @20  
[error occurred during error reporting (printing register info), id 0xc0000005, EXCEPTION_ACCESS_VIOLATION (0xc0000005) at pc=0x00007ffecd9f9be3]

Top of Stack: (sp=0x000000a3eb1ff8f8)
0x000000a3eb1ff8f8:   00007ffecd668d58 0000000000000000
0x000000a3eb1ff908:   00007ffecd668cc4 0000927845adfb68
0x000000a3eb1ff918:   00007ffecd6689df 0000000083a3a038
0x000000a3eb1ff928:   00007ffecd6689df 000001bf6dddb4d0
0x000000a3eb1ff938:   000000a3eb1ffaf0 00000001000624a0
0x000000a3eb1ff948:   000000a3eb1ffaf0 000000008323a034
0x000000a3eb1ff958:   00007ffecd666c0d 000000008323a02c
0x000000a3eb1ff968:   00007ffecd6686dc 000000a3eb1ffaf0
0x000000a3eb1ff978:   0000000100025130 000000a3eb1ffab0
0x000000a3eb1ff988:   0000000000000000 000000008323a018
0x000000a3eb1ff998:   00007ffecd666851 0000000100062260
0x000000a3eb1ff9a8:   0000000000000004 000000a3eb1ffaf0
0x000000a3eb1ff9b8:   0000000082706b38 000000008323a018
0x000000a3eb1ff9c8:   00007ffecd679ea8 000001bf6dddb4d0
0x000000a3eb1ff9d8:   0000000000000040 00000000000002fb
0x000000a3eb1ff9e8:   00007ffecd67c3a0 0000000000000001
0x000000a3eb1ff9f8:   0000000083826558 000000a3eb1ffab0
0x000000a3eb1ffa08:   000001bf6ddc8190 0000000000344cab
0x000000a3eb1ffa18:   00007ffecd678aec 0000000000344cab
0x000000a3eb1ffa28:   0000000000000000 000000008323a018
0x000000a3eb1ffa38:   00007ffecd67a044 0000000000360000
0x000000a3eb1ffa48:   00007ffecd67a43c 0000000083826518
0x000000a3eb1ffa58:   0000000000344cab 00000000002faf08
0x000000a3eb1ffa68:   0000000000000000 0000000000000000
0x000000a3eb1ffa78:   0000000000000001 000001bf6dddb4d0
0x000000a3eb1ffa88:   00007ffecd679414 0000000000000555
0x000000a3eb1ffa98:   0000000000000000 000000a3eb0ff301
0x000000a3eb1ffaa8:   0000000000000000 000001bf6ddc8180
0x000000a3eb1ffab8:   000001bf6dddb4d0 0000000083800000
0x000000a3eb1ffac8:   0000000000020000 0000000083800000
0x000000a3eb1ffad8:   0000000000020000 0000000000000000
0x000000a3eb1ffae8:   00000000002625a0 00007ffecdce4ba8 

Instructions: (pc=0x00007ffecd39cb66)
0x00007ffecd39ca66:   cc cc cc cc cc cc cc cc cc cc 4c 8b 01 4c 8b c9
0x00007ffecd39ca76:   48 8b 0d 93 60 b6 00 ba 64 60 08 00 e9 49 f1 ff
0x00007ffecd39ca86:   ff cc cc cc cc cc cc cc cc cc 8b 05 62 a8 b0 00
0x00007ffecd39ca96:   c3 cc cc cc cc cc cc cc cc cc 0f b6 05 c0 68 b7
0x00007ffecd39caa6:   00 48 8b d1 84 c0 74 16 44 8b 41 08 8b 0d 40 a8
0x00007ffecd39cab6:   b0 00 49 d3 e0 4c 03 05 2e a8 b0 00 eb 04 4c 8b
0x00007ffecd39cac6:   41 08 45 8b 50 08 45 85 d2 7e 0e 41 f6 c2 01 75
0x00007ffecd39cad6:   53 41 c1 fa 03 41 8b c2 c3 79 49 84 c0 b9 10 00
0x00007ffecd39cae6:   00 00 8b 05 46 b7 b0 00 41 b8 0c 00 00 00 41 0f
0x00007ffecd39caf6:   45 c8 ff c8 4c 63 c8 48 63 14 11 41 8b ca 83 e1
0x00007ffecd39cb06:   3f 48 d3 e2 41 8b ca 48 c1 f9 10 0f b6 c1 49 8d
0x00007ffecd39cb16:   0c 11 49 f7 d1 48 03 c1 49 c1 e9 03 48 c1 e8 03
0x00007ffecd39cb26:   41 23 c1 c3 49 8b 00 49 8b c8 48 ff a0 00 01 00
0x00007ffecd39cb36:   00 cc cc cc cc cc cc cc cc cc 8b 44 24 30 45 03
0x00007ffecd39cb46:   c9 44 2b 4c 24 28 83 c0 0b 44 03 ca 45 03 c8 41
0x00007ffecd39cb56:   03 c1 c3 cc cc cc cc cc cc cc 4c 8b ca 48 8b d1
0x00007ffecd39cb66:   45 8b 41 08 45 85 c0 7e 0e 41 f6 c0 01 75 56 41
0x00007ffecd39cb76:   c1 f8 03 41 8b c0 c3 79 4c 80 3d e1 67 b7 00 00
0x00007ffecd39cb86:   b8 0c 00 00 00 b9 10 00 00 00 0f 45 c8 8b 05 9b
0x00007ffecd39cb96:   b6 b0 00 ff c8 4c 63 c8 48 63 14 11 41 8b c8 83
0x00007ffecd39cba6:   e1 3f 48 d3 e2 41 8b c8 48 c1 f9 10 0f b6 c1 49
0x00007ffecd39cbb6:   8d 0c 11 49 f7 d1 48 03 c1 49 c1 e9 03 48 c1 e8
0x00007ffecd39cbc6:   03 41 23 c1 c3 49 8b 01 49 8b c9 48 ff a0 00 01
0x00007ffecd39cbd6:   00 00 cc cc cc cc cc cc cc cc 48 8b 41 08 0f b7
0x00007ffecd39cbe6:   48 2a 0f b7 40 28 83 c0 48 03 c1 c3 cc cc cc cc
0x00007ffecd39cbf6:   cc cc cc cc cc cc cc cc cc cc 48 89 5c 24 08 57
0x00007ffecd39cc06:   48 83 ec 20 0f b6 05 1f 50 bb 00 48 8b fa 48 8b
0x00007ffecd39cc16:   d9 84 c0 74 4f 48 85 15 36 48 bb 00 74 38 48 8b
0x00007ffecd39cc26:   ca e8 04 9b 85 00 48 8b d0 48 85 db 74 25 48 85
0x00007ffecd39cc36:   c0 74 20 48 8b c7 f0 48 0f b1 13 74 16 48 85 05
0x00007ffecd39cc46:   0e 48 bb 00 74 0d 48 8b c8 f0 48 0f b1 13 48 3b
0x00007ffecd39cc56:   c1 75 ea 48 8b fa 48 8b c7 48 8b 5c 24 30 48 83 


Stack slot to memory mapping:
stack at sp + 0 slots: 0x00007ffecd668d58 jvm.dll
stack at sp + 1 slots: 0x0 is NULL
stack at sp + 2 slots: 0x00007ffecd668cc4 jvm.dll
stack at sp + 3 slots: 0x0000927845adfb68 is an unknown value
stack at sp + 4 slots: 0x00007ffecd6689df jvm.dll
stack at sp + 5 slots: 0x0000000083a3a038 is pointing into object: [B 
{0x0000000083a36dd0} - klass: {type array byte}
 - length: 23218
stack at sp + 6 slots: 0x00007ffecd6689df jvm.dll
stack at sp + 7 slots: 0x000001bf6dddb4d0 points into unknown readable memory: 0x00007ffecdce4b88 | 88 4b ce cd fe 7f 00 00


---------------  P R O C E S S  ---------------

Threads class SMR info:
_java_thread_list=0x000001bf048e6db0, length=34, elements={
0x000001bf7d22b660, 0x000001bf7d22d090, 0x000001bf7d2542a0, 0x000001bf7d292b80,
0x000001bf7d295860, 0x000001bf7d296130, 0x000001bf7d297210, 0x000001bf7d2bc550,
0x000001bf7d1c4e60, 0x000001bf7d43c820, 0x000001bf7dba54b0, 0x000001bf7dc23060,
0x000001bf7dc501e0, 0x000001bf7e56f830, 0x000001bf7e5c0420, 0x000001bf7dc8a1f0,
0x000001bf7e624f00, 0x000001bf7e6249f0, 0x000001bf7e625410, 0x000001bf7e6244e0,
0x000001bf7e625e30, 0x000001bf7e623ac0, 0x000001bf7e626340, 0x000001bf7e626850,
0x000001bf7e6235b0, 0x000001bf04a77ad0, 0x000001bf04a78f10, 0x000001bf04a7bca0,
0x000001bf04a7a350, 0x000001bf04a77fe0, 0x000001bf04a7d0e0, 0x000001bf04a7c6c0,
0x000001bf04a7db00, 0x000001bf04a79930
}

Java Threads: ( => current thread )
  0x000001bf7d22b660 JavaThread "Reference Handler" daemon [_thread_blocked, id=1928, stack(0x000000a3eb500000,0x000000a3eb600000)]
  0x000001bf7d22d090 JavaThread "Finalizer" daemon [_thread_blocked, id=9644, stack(0x000000a3eb600000,0x000000a3eb700000)]
  0x000001bf7d2542a0 JavaThread "Signal Dispatcher" daemon [_thread_blocked, id=10344, stack(0x000000a3eb700000,0x000000a3eb800000)]
  0x000001bf7d292b80 JavaThread "Attach Listener" daemon [_thread_blocked, id=4828, stack(0x000000a3eb800000,0x000000a3eb900000)]
  0x000001bf7d295860 JavaThread "Service Thread" daemon [_thread_blocked, id=14128, stack(0x000000a3eb900000,0x000000a3eba00000)]
  0x000001bf7d296130 JavaThread "Monitor Deflation Thread" daemon [_thread_blocked, id=13224, stack(0x000000a3eba00000,0x000000a3ebb00000)]
  0x000001bf7d297210 JavaThread "C1 CompilerThread0" daemon [_thread_blocked, id=3576, stack(0x000000a3ebb00000,0x000000a3ebc00000)]
  0x000001bf7d2bc550 JavaThread "Sweeper thread" daemon [_thread_blocked, id=9040, stack(0x000000a3ebc00000,0x000000a3ebd00000)]
  0x000001bf7d1c4e60 JavaThread "Common-Cleaner" daemon [_thread_blocked, id=2348, stack(0x000000a3ebd00000,0x000000a3ebe00000)]
  0x000001bf7d43c820 JavaThread "Notification Thread" daemon [_thread_blocked, id=11004, stack(0x000000a3ebe00000,0x000000a3ebf00000)]
  0x000001bf7dba54b0 JavaThread "RMI TCP Accept-0" daemon [_thread_in_native, id=7652, stack(0x000000a3ec100000,0x000000a3ec200000)]
  0x000001bf7dc23060 JavaThread "RMI TCP Accept-60758" daemon [_thread_in_native, id=12552, stack(0x000000a3ec200000,0x000000a3ec300000)]
  0x000001bf7dc501e0 JavaThread "RMI TCP Accept-0" daemon [_thread_in_native, id=2988, stack(0x000000a3ec300000,0x000000a3ec400000)]
  0x000001bf7e56f830 JavaThread "RMI TCP Connection(1)-127.0.0.1" daemon [_thread_in_native, id=7416, stack(0x000000a3eca00000,0x000000a3ecb00000)]
  0x000001bf7e5c0420 JavaThread "RMI Scheduler(0)" daemon [_thread_blocked, id=12148, stack(0x000000a3ecb00000,0x000000a3ecc00000)]
  0x000001bf7dc8a1f0 JavaThread "RMI TCP Connection(2)-127.0.0.1" daemon [_thread_in_native, id=5368, stack(0x000000a3ecc00000,0x000000a3ecd00000)]
  0x000001bf7e624f00 JavaThread "JMX server connection timeout 21" daemon [_thread_blocked, id=5340, stack(0x000000a3ecd00000,0x000000a3ece00000)]
  0x000001bf7e6249f0 JavaThread "HikariPool-1 housekeeper" daemon [_thread_blocked, id=5404, stack(0x000000a3ece00000,0x000000a3ecf00000)]
  0x000001bf7e625410 JavaThread "Catalina-utility-1" [_thread_blocked, id=14248, stack(0x000000a3ecf00000,0x000000a3ed000000)]
  0x000001bf7e6244e0 JavaThread "Catalina-utility-2" [_thread_blocked, id=2492, stack(0x000000a3ed000000,0x000000a3ed100000)]
  0x000001bf7e625e30 JavaThread "container-0" [_thread_blocked, id=13864, stack(0x000000a3ed100000,0x000000a3ed200000)]
  0x000001bf7e623ac0 JavaThread "http-nio-8080-exec-1" daemon [_thread_blocked, id=1868, stack(0x000000a3ed300000,0x000000a3ed400000)]
  0x000001bf7e626340 JavaThread "http-nio-8080-exec-2" daemon [_thread_blocked, id=2688, stack(0x000000a3ed400000,0x000000a3ed500000)]
  0x000001bf7e626850 JavaThread "http-nio-8080-exec-3" daemon [_thread_blocked, id=6048, stack(0x000000a3ed500000,0x000000a3ed600000)]
  0x000001bf7e6235b0 JavaThread "http-nio-8080-exec-4" daemon [_thread_blocked, id=8040, stack(0x000000a3ed600000,0x000000a3ed700000)]
  0x000001bf04a77ad0 JavaThread "http-nio-8080-exec-5" daemon [_thread_blocked, id=11420, stack(0x000000a3ed700000,0x000000a3ed800000)]
  0x000001bf04a78f10 JavaThread "http-nio-8080-exec-6" daemon [_thread_blocked, id=7016, stack(0x000000a3ed800000,0x000000a3ed900000)]
  0x000001bf04a7bca0 JavaThread "http-nio-8080-exec-7" daemon [_thread_blocked, id=13572, stack(0x000000a3ed900000,0x000000a3eda00000)]
  0x000001bf04a7a350 JavaThread "http-nio-8080-exec-8" daemon [_thread_blocked, id=2512, stack(0x000000a3eda00000,0x000000a3edb00000)]
  0x000001bf04a77fe0 JavaThread "http-nio-8080-exec-9" daemon [_thread_blocked, id=5432, stack(0x000000a3edb00000,0x000000a3edc00000)]
  0x000001bf04a7d0e0 JavaThread "http-nio-8080-exec-10" daemon [_thread_blocked, id=14080, stack(0x000000a3edc00000,0x000000a3edd00000)]
  0x000001bf04a7c6c0 JavaThread "http-nio-8080-Poller" daemon [_thread_in_native, id=7504, stack(0x000000a3edd00000,0x000000a3ede00000)]
  0x000001bf04a7db00 JavaThread "http-nio-8080-Acceptor" daemon [_thread_in_native, id=6264, stack(0x000000a3ede00000,0x000000a3edf00000)]
  0x000001bf04a79930 JavaThread "DestroyJavaVM" [_thread_blocked, id=3472, stack(0x000000a3eae00000,0x000000a3eaf00000)]

Other Threads:
  0x000001bf7d227e50 VMThread "VM Thread" [stack: 0x000000a3eb400000,0x000000a3eb500000] [id=11880]
  0x000001bf6dd6d7e0 WatcherThread [stack: 0x000000a3ec400000,0x000000a3ec500000] [id=14260]
  0x000001bf6ddc7c60 GCTaskThread "GC Thread#0" [stack: 0x000000a3eaf00000,0x000000a3eb000000] [id=11664]
  0x000001bf6dc45550 GCTaskThread "GC Thread#1" [stack: 0x000000a3ec500000,0x000000a3ec600000] [id=1028]
  0x000001bf6dd6da80 GCTaskThread "GC Thread#2" [stack: 0x000000a3ec600000,0x000000a3ec700000] [id=9432]
  0x000001bf7dc91390 GCTaskThread "GC Thread#3" [stack: 0x000000a3ec700000,0x000000a3ec800000] [id=6232]
  0x000001bf6ddd8700 ConcurrentGCThread "G1 Main Marker" [stack: 0x000000a3eb000000,0x000000a3eb100000] [id=7500]
=>0x000001bf6ddd9910 ConcurrentGCThread "G1 Conc#0" [stack: 0x000000a3eb100000,0x000000a3eb200000] [id=5068]
  0x000001bf6de1de50 ConcurrentGCThread "G1 Refine#0" [stack: 0x000000a3eb200000,0x000000a3eb300000] [id=13172]
  0x000001bf7dc91650 ConcurrentGCThread "G1 Refine#1" [stack: 0x000000a3ec800000,0x000000a3ec900000] [id=9252]
  0x000001bf7dc91940 ConcurrentGCThread "G1 Refine#2" [stack: 0x000000a3ec900000,0x000000a3eca00000] [id=13716]
  0x000001bf7d092600 ConcurrentGCThread "G1 Service" [stack: 0x000000a3eb300000,0x000000a3eb400000] [id=11300]

Threads with active compile tasks:

VM state: not at safepoint (normal execution)

VM Mutex/Monitor currently owned by a thread: None

Heap address: 0x0000000081e00000, size: 2018 MB, Compressed Oops mode: 32-bit

CDS archive(s) not mapped
Compressed class space mapped at: 0x0000000100000000-0x0000000140000000, reserved size: 1073741824
Narrow klass base: 0x0000000000000000, Narrow klass shift: 3, Narrow klass range: 0x140000000

GC Precious Log:
 CPUs: 4 total, 4 available
 Memory: 8067M
 Large Page Support: Disabled
 NUMA Support: Disabled
 Compressed Oops: Enabled (32-bit)
 Heap Region Size: 1M
 Heap Min Capacity: 8M
 Heap Initial Capacity: 128M
 Heap Max Capacity: 2018M
 Pre-touch: Disabled
 Parallel Workers: 4
 Concurrent Workers: 1
 Concurrent Refinement Workers: 4
 Periodic GC: Disabled

Heap:
 garbage-first heap   total 78848K, used 35861K [0x0000000081e00000, 0x0000000100000000)
  region size 1024K, 3 young (3072K), 1 survivors (1024K)
 Metaspace       used 80005K, committed 80640K, reserved 1179648K
  class space    used 11224K, committed 11520K, reserved 1048576K

Heap Regions: E=young(eden), S=young(survivor), O=old, HS=humongous(starts), HC=humongous(continues), CS=collection set, F=free, OA=open archive, CA=closed archive, TAMS=top-at-mark-start (previous, next)
|   0|0x0000000081e00000, 0x0000000081f00000, 0x0000000081f00000|100%|HS|  |TAMS 0x0000000081f00000, 0x0000000081f00000| Complete 
|   1|0x0000000081f00000, 0x0000000082000000, 0x0000000082000000|100%| O|  |TAMS 0x0000000082000000, 0x0000000082000000| Untracked 
|   2|0x0000000082000000, 0x0000000082100000, 0x0000000082100000|100%| O|  |TAMS 0x0000000082100000, 0x0000000082100000| Untracked 
|   3|0x0000000082100000, 0x0000000082200000, 0x0000000082200000|100%| O|  |TAMS 0x0000000082200000, 0x0000000082200000| Untracked 
|   4|0x0000000082200000, 0x0000000082300000, 0x0000000082300000|100%| O|  |TAMS 0x0000000082300000, 0x0000000082300000| Untracked 
|   5|0x0000000082300000, 0x0000000082400000, 0x0000000082400000|100%| O|  |TAMS 0x0000000082400000, 0x0000000082400000| Untracked 
|   6|0x0000000082400000, 0x0000000082500000, 0x0000000082500000|100%| O|  |TAMS 0x0000000082500000, 0x0000000082500000| Untracked 
|   7|0x0000000082500000, 0x0000000082545e00, 0x0000000082600000| 27%| O|  |TAMS 0x0000000082545e00, 0x0000000082545e00| Untracked 
|   8|0x0000000082600000, 0x0000000082700000, 0x0000000082700000|100%| O|  |TAMS 0x0000000082700000, 0x0000000082700000| Untracked 
|   9|0x0000000082700000, 0x0000000082800000, 0x0000000082800000|100%| O|  |TAMS 0x0000000082800000, 0x0000000082800000| Untracked 
|  10|0x0000000082800000, 0x0000000082900000, 0x0000000082900000|100%| O|  |TAMS 0x0000000082900000, 0x0000000082900000| Untracked 
|  11|0x0000000082900000, 0x0000000082a00000, 0x0000000082a00000|100%| O|  |TAMS 0x0000000082a00000, 0x0000000082a00000| Untracked 
|  12|0x0000000082a00000, 0x0000000082b00000, 0x0000000082b00000|100%| O|  |TAMS 0x0000000082b00000, 0x0000000082b00000| Untracked 
|  13|0x0000000082b00000, 0x0000000082c00000, 0x0000000082c00000|100%| O|  |TAMS 0x0000000082c00000, 0x0000000082c00000| Untracked 
|  14|0x0000000082c00000, 0x0000000082d00000, 0x0000000082d00000|100%| O|  |TAMS 0x0000000082d00000, 0x0000000082d00000| Untracked 
|  15|0x0000000082d00000, 0x0000000082e00000, 0x0000000082e00000|100%| O|  |TAMS 0x0000000082e00000, 0x0000000082e00000| Untracked 
|  16|0x0000000082e00000, 0x0000000082f00000, 0x0000000082f00000|100%| O|  |TAMS 0x0000000082f00000, 0x0000000082f00000| Untracked 
|  17|0x0000000082f00000, 0x0000000083000000, 0x0000000083000000|100%| O|  |TAMS 0x0000000083000000, 0x0000000083000000| Untracked 
|  18|0x0000000083000000, 0x0000000083100000, 0x0000000083100000|100%| O|  |TAMS 0x0000000083100000, 0x0000000083100000| Untracked 
|  19|0x0000000083100000, 0x0000000083200000, 0x0000000083200000|100%| O|  |TAMS 0x0000000083200000, 0x0000000083200000| Untracked 
|  20|0x0000000083200000, 0x0000000083300000, 0x0000000083300000|100%| O|  |TAMS 0x0000000083300000, 0x0000000083300000| Untracked 
|  21|0x0000000083300000, 0x0000000083400000, 0x0000000083400000|100%| O|  |TAMS 0x0000000083400000, 0x0000000083400000| Untracked 
|  22|0x0000000083400000, 0x0000000083500000, 0x0000000083500000|100%| O|  |TAMS 0x0000000083500000, 0x0000000083500000| Untracked 
|  23|0x0000000083500000, 0x0000000083600000, 0x0000000083600000|100%| O|  |TAMS 0x0000000083600000, 0x0000000083600000| Untracked 
|  24|0x0000000083600000, 0x0000000083700000, 0x0000000083700000|100%| O|  |TAMS 0x0000000083700000, 0x0000000083700000| Untracked 
|  25|0x0000000083700000, 0x0000000083800000, 0x0000000083800000|100%| O|  |TAMS 0x0000000083800000, 0x0000000083800000| Untracked 
|  26|0x0000000083800000, 0x0000000083900000, 0x0000000083900000|100%| O|  |TAMS 0x0000000083900000, 0x0000000083900000| Untracked 
|  27|0x0000000083900000, 0x0000000083a00000, 0x0000000083a00000|100%| O|  |TAMS 0x0000000083a00000, 0x0000000083a00000| Untracked 
|  28|0x0000000083a00000, 0x0000000083b00000, 0x0000000083b00000|100%| O|  |TAMS 0x0000000083ad0800, 0x0000000083b00000| Untracked 
|  29|0x0000000083b00000, 0x0000000083c00000, 0x0000000083c00000|100%| O|  |TAMS 0x0000000083b00000, 0x0000000083c00000| Untracked 
|  30|0x0000000083c00000, 0x0000000083d00000, 0x0000000083d00000|100%| O|  |TAMS 0x0000000083c00000, 0x0000000083d00000| Untracked 
|  31|0x0000000083d00000, 0x0000000083e00000, 0x0000000083e00000|100%| O|  |TAMS 0x0000000083d00000, 0x0000000083e00000| Untracked 
|  32|0x0000000083e00000, 0x0000000083f00000, 0x0000000083f00000|100%| O|  |TAMS 0x0000000083e00000, 0x0000000083e53200| Untracked 
|  33|0x0000000083f00000, 0x0000000084000000, 0x0000000084000000|100%| O|  |TAMS 0x0000000083f00000, 0x0000000083f00000| Untracked 
|  34|0x0000000084000000, 0x0000000084000000, 0x0000000084100000|  0%| F|  |TAMS 0x0000000084000000, 0x0000000084000000| Untracked 
|  35|0x0000000084100000, 0x0000000084100000, 0x0000000084200000|  0%| F|  |TAMS 0x0000000084100000, 0x0000000084100000| Untracked 
|  36|0x0000000084200000, 0x0000000084200000, 0x0000000084300000|  0%| F|  |TAMS 0x0000000084200000, 0x0000000084200000| Untracked 
|  37|0x0000000084300000, 0x0000000084300000, 0x0000000084400000|  0%| F|  |TAMS 0x0000000084300000, 0x0000000084300000| Untracked 
|  38|0x0000000084400000, 0x0000000084400000, 0x0000000084500000|  0%| F|  |TAMS 0x0000000084400000, 0x0000000084400000| Untracked 
|  39|0x0000000084500000, 0x0000000084500000, 0x0000000084600000|  0%| F|  |TAMS 0x0000000084500000, 0x0000000084500000| Untracked 
|  40|0x0000000084600000, 0x0000000084600000, 0x0000000084700000|  0%| F|  |TAMS 0x0000000084600000, 0x0000000084600000| Untracked 
|  41|0x0000000084700000, 0x0000000084700000, 0x0000000084800000|  0%| F|  |TAMS 0x0000000084700000, 0x0000000084700000| Untracked 
|  42|0x0000000084800000, 0x0000000084800000, 0x0000000084900000|  0%| F|  |TAMS 0x0000000084800000, 0x0000000084800000| Untracked 
|  43|0x0000000084900000, 0x0000000084900000, 0x0000000084a00000|  0%| F|  |TAMS 0x0000000084900000, 0x0000000084900000| Untracked 
|  44|0x0000000084a00000, 0x0000000084a00000, 0x0000000084b00000|  0%| F|  |TAMS 0x0000000084a00000, 0x0000000084a00000| Untracked 
|  45|0x0000000084b00000, 0x0000000084b00000, 0x0000000084c00000|  0%| F|  |TAMS 0x0000000084b00000, 0x0000000084b00000| Untracked 
|  46|0x0000000084c00000, 0x0000000084cbf680, 0x0000000084d00000| 74%| S|CS|TAMS 0x0000000084c00000, 0x0000000084c00000| Complete 
|  47|0x0000000084d00000, 0x0000000084d00000, 0x0000000084e00000|  0%| F|  |TAMS 0x0000000084d00000, 0x0000000084d00000| Untracked 
|  48|0x0000000084e00000, 0x0000000084e00000, 0x0000000084f00000|  0%| F|  |TAMS 0x0000000084e00000, 0x0000000084e00000| Untracked 
|  49|0x0000000084f00000, 0x0000000084f00000, 0x0000000085000000|  0%| F|  |TAMS 0x0000000084f00000, 0x0000000084f00000| Untracked 
|  50|0x0000000085000000, 0x0000000085000000, 0x0000000085100000|  0%| F|  |TAMS 0x0000000085000000, 0x0000000085000000| Untracked 
|  51|0x0000000085100000, 0x0000000085100000, 0x0000000085200000|  0%| F|  |TAMS 0x0000000085100000, 0x0000000085100000| Untracked 
|  52|0x0000000085200000, 0x0000000085200000, 0x0000000085300000|  0%| F|  |TAMS 0x0000000085200000, 0x0000000085200000| Untracked 
|  53|0x0000000085300000, 0x0000000085300000, 0x0000000085400000|  0%| F|  |TAMS 0x0000000085300000, 0x0000000085300000| Untracked 
|  54|0x0000000085400000, 0x0000000085400000, 0x0000000085500000|  0%| F|  |TAMS 0x0000000085400000, 0x0000000085400000| Untracked 
|  55|0x0000000085500000, 0x0000000085500000, 0x0000000085600000|  0%| F|  |TAMS 0x0000000085500000, 0x0000000085500000| Untracked 
|  56|0x0000000085600000, 0x0000000085600000, 0x0000000085700000|  0%| F|  |TAMS 0x0000000085600000, 0x0000000085600000| Untracked 
|  57|0x0000000085700000, 0x0000000085700000, 0x0000000085800000|  0%| F|  |TAMS 0x0000000085700000, 0x0000000085700000| Untracked 
|  58|0x0000000085800000, 0x0000000085800000, 0x0000000085900000|  0%| F|  |TAMS 0x0000000085800000, 0x0000000085800000| Untracked 
|  59|0x0000000085900000, 0x0000000085900000, 0x0000000085a00000|  0%| F|  |TAMS 0x0000000085900000, 0x0000000085900000| Untracked 
|  60|0x0000000085a00000, 0x0000000085a00000, 0x0000000085b00000|  0%| F|  |TAMS 0x0000000085a00000, 0x0000000085a00000| Untracked 
|  61|0x0000000085b00000, 0x0000000085b00000, 0x0000000085c00000|  0%| F|  |TAMS 0x0000000085b00000, 0x0000000085b00000| Untracked 
|  62|0x0000000085c00000, 0x0000000085c00000, 0x0000000085d00000|  0%| F|  |TAMS 0x0000000085c00000, 0x0000000085c00000| Untracked 
|  63|0x0000000085d00000, 0x0000000085d00000, 0x0000000085e00000|  0%| F|  |TAMS 0x0000000085d00000, 0x0000000085d00000| Untracked 
|  64|0x0000000085e00000, 0x0000000085e00000, 0x0000000085f00000|  0%| F|  |TAMS 0x0000000085e00000, 0x0000000085e00000| Untracked 
|  65|0x0000000085f00000, 0x0000000085f00000, 0x0000000086000000|  0%| F|  |TAMS 0x0000000085f00000, 0x0000000085f00000| Untracked 
|  66|0x0000000086000000, 0x0000000086000000, 0x0000000086100000|  0%| F|  |TAMS 0x0000000086000000, 0x0000000086000000| Untracked 
|  67|0x0000000086100000, 0x0000000086100000, 0x0000000086200000|  0%| F|  |TAMS 0x0000000086100000, 0x0000000086100000| Untracked 
|  68|0x0000000086200000, 0x0000000086200000, 0x0000000086300000|  0%| F|  |TAMS 0x0000000086200000, 0x0000000086200000| Untracked 
|  69|0x0000000086300000, 0x0000000086300000, 0x0000000086400000|  0%| F|  |TAMS 0x0000000086300000, 0x0000000086300000| Untracked 
|  70|0x0000000086400000, 0x0000000086400000, 0x0000000086500000|  0%| F|  |TAMS 0x0000000086400000, 0x0000000086400000| Untracked 
|  71|0x0000000086500000, 0x0000000086500000, 0x0000000086600000|  0%| F|  |TAMS 0x0000000086500000, 0x0000000086500000| Untracked 
| 102|0x0000000088400000, 0x0000000088400000, 0x0000000088500000|  0%| F|  |TAMS 0x0000000088400000, 0x0000000088400000| Untracked 
| 103|0x0000000088500000, 0x0000000088500000, 0x0000000088600000|  0%| F|  |TAMS 0x0000000088500000, 0x0000000088500000| Untracked 
| 104|0x0000000088600000, 0x0000000088600000, 0x0000000088700000|  0%| F|  |TAMS 0x0000000088600000, 0x0000000088600000| Untracked 
| 126|0x0000000089c00000, 0x0000000089c8f6f8, 0x0000000089d00000| 56%| E|  |TAMS 0x0000000089c00000, 0x0000000089c00000| Complete 
| 127|0x0000000089d00000, 0x0000000089e00000, 0x0000000089e00000|100%| E|CS|TAMS 0x0000000089d00000, 0x0000000089d00000| Complete 

Card table byte_map: [0x000001bf764b0000,0x000001bf768b0000] _byte_map_base: 0x000001bf760a1000

Marking Bits (Prev, Next): (CMBitMap*) 0x000001bf6ddc81d0, (CMBitMap*) 0x000001bf6ddc8190
 Prev Bits: [0x000001bf78c40000, 0x000001bf7abc8000)
 Next Bits: [0x000001bf76cb0000, 0x000001bf78c38000)

Polling page: 0x000001bf6dbc0000

Metaspace:

Usage:
  Non-class:     67.17 MB used.
      Class:     10.96 MB used.
       Both:     78.13 MB used.

Virtual space:
  Non-class space:      128.00 MB reserved,      67.50 MB ( 53%) committed,  2 nodes.
      Class space:        1.00 GB reserved,      11.25 MB (  1%) committed,  1 nodes.
             Both:        1.12 GB reserved,      78.75 MB (  7%) committed. 

Chunk freelists:
   Non-Class:  12.02 MB
       Class:  4.61 MB
        Both:  16.62 MB

MaxMetaspaceSize: unlimited
CompressedClassSpaceSize: 1.00 GB
Initial GC threshold: 21.00 MB
Current GC threshold: 123.25 MB
CDS: off
MetaspaceReclaimPolicy: balanced
 - commit_granule_bytes: 65536.
 - commit_granule_words: 8192.
 - virtual_space_node_default_size: 8388608.
 - enlarge_chunks_in_place: 1.
 - new_chunks_are_fully_committed: 0.
 - uncommit_free_chunks: 1.
 - use_allocation_guard: 0.
 - handle_deallocations: 1.


Internal statistics:

num_allocs_failed_limit: 12.
num_arena_births: 834.
num_arena_deaths: 0.
num_vsnodes_births: 3.
num_vsnodes_deaths: 0.
num_space_committed: 1260.
num_space_uncommitted: 0.
num_chunks_returned_to_freelist: 12.
num_chunks_taken_from_freelist: 3480.
num_chunk_merges: 12.
num_chunk_splits: 2526.
num_chunks_enlarged: 1990.
num_inconsistent_stats: 0.

CodeCache: size=49152Kb used=10784Kb max_used=11860Kb free=38367Kb
 bounds [0x000001bf72c70000, 0x000001bf73810000, 0x000001bf75c70000]
 total_blobs=6948 nmethods=6268 adapters=607
 compilation: enabled
              stopped_count=0, restarted_count=0
 full_count=0

Compilation events (20 events):
Event: 17.233 Thread 0x000001bf7d297210 6259       1       org.apache.tomcat.util.buf.MessageBytes::equalsIgnoreCase (78 bytes)
Event: 17.233 Thread 0x000001bf7d297210 nmethod 6259 0x000001bf72f8ff10 code [0x000001bf72f900e0, 0x000001bf72f90308]
Event: 17.233 Thread 0x000001bf7d297210 6260       1       org.springframework.util.MimeType::getType (5 bytes)
Event: 17.233 Thread 0x000001bf7d297210 nmethod 6260 0x000001bf72f8fc10 code [0x000001bf72f8fda0, 0x000001bf72f8fe78]
Event: 17.247 Thread 0x000001bf7d297210 6261       1       org.apache.coyote.Request::method (5 bytes)
Event: 17.247 Thread 0x000001bf7d297210 nmethod 6261 0x000001bf72f8f910 code [0x000001bf72f8faa0, 0x000001bf72f8fb78]
Event: 17.247 Thread 0x000001bf7d297210 6262       1       org.apache.catalina.core.StandardWrapper::getServletClass (5 bytes)
Event: 17.247 Thread 0x000001bf7d297210 nmethod 6262 0x000001bf72f8f610 code [0x000001bf72f8f7a0, 0x000001bf72f8f878]
Event: 17.248 Thread 0x000001bf7d297210 6263       1       org.springframework.web.util.pattern.InternalPathPatternParser::resetPathElementState (36 bytes)
Event: 17.248 Thread 0x000001bf7d297210 nmethod 6263 0x000001bf72f8f310 code [0x000001bf72f8f4a0, 0x000001bf72f8f598]
Event: 17.249 Thread 0x000001bf7d297210 6264       1       org.apache.tomcat.util.buf.Ascii::toLower (14 bytes)
Event: 17.249 Thread 0x000001bf7d297210 nmethod 6264 0x000001bf72f8f010 code [0x000001bf72f8f1a0, 0x000001bf72f8f278]
Event: 17.249 Thread 0x000001bf7d297210 6266       1       java.io.StringReader::ensureOpen (18 bytes)
Event: 17.249 Thread 0x000001bf7d297210 nmethod 6266 0x000001bf72f8ec90 code [0x000001bf72f8ee20, 0x000001bf72f8ef88]
Event: 17.249 Thread 0x000001bf7d297210 6265       1       org.apache.tomcat.util.buf.MessageBytes::toStringType (69 bytes)
Event: 17.250 Thread 0x000001bf7d297210 nmethod 6265 0x000001bf72f8e590 code [0x000001bf72f8e760, 0x000001bf72f8eb48]
Event: 17.250 Thread 0x000001bf7d297210 6267       1       org.apache.tomcat.util.buf.AbstractChunk::getLength (10 bytes)
Event: 17.250 Thread 0x000001bf7d297210 nmethod 6267 0x000001bf72f8e290 code [0x000001bf72f8e420, 0x000001bf72f8e4f8]
Event: 17.250 Thread 0x000001bf7d297210 6268       1       java.nio.Buffer::rewind (12 bytes)
Event: 17.250 Thread 0x000001bf7d297210 nmethod 6268 0x000001bf72f8df90 code [0x000001bf72f8e120, 0x000001bf72f8e1f8]

GC Heap History (20 events):
Event: 5.066 GC heap before
{Heap before GC invocations=13 (full 0):
 garbage-first heap   total 54272K, used 39951K [0x0000000081e00000, 0x0000000100000000)
  region size 1024K, 20 young (20480K), 2 survivors (2048K)
 Metaspace       used 48849K, committed 49344K, reserved 1114112K
  class space    used 6327K, committed 6592K, reserved 1048576K
}
Event: 5.070 GC heap after
{Heap after GC invocations=14 (full 0):
 garbage-first heap   total 54272K, used 22201K [0x0000000081e00000, 0x0000000100000000)
  region size 1024K, 2 young (2048K), 2 survivors (2048K)
 Metaspace       used 48849K, committed 49344K, reserved 1114112K
  class space    used 6327K, committed 6592K, reserved 1048576K
}
Event: 5.431 GC heap before
{Heap before GC invocations=14 (full 0):
 garbage-first heap   total 54272K, used 41657K [0x0000000081e00000, 0x0000000100000000)
  region size 1024K, 21 young (21504K), 2 survivors (2048K)
 Metaspace       used 52579K, committed 53056K, reserved 1114112K
  class space    used 6860K, committed 7104K, reserved 1048576K
}
Event: 5.435 GC heap after
{Heap after GC invocations=15 (full 0):
 garbage-first heap   total 54272K, used 23257K [0x0000000081e00000, 0x0000000100000000)
  region size 1024K, 2 young (2048K), 2 survivors (2048K)
 Metaspace       used 52579K, committed 53056K, reserved 1114112K
  class space    used 6860K, committed 7104K, reserved 1048576K
}
Event: 5.813 GC heap before
{Heap before GC invocations=15 (full 0):
 garbage-first heap   total 54272K, used 41689K [0x0000000081e00000, 0x0000000100000000)
  region size 1024K, 20 young (20480K), 2 survivors (2048K)
 Metaspace       used 58137K, committed 58624K, reserved 1114112K
  class space    used 7681K, committed 7872K, reserved 1048576K
}
Event: 5.817 GC heap after
{Heap after GC invocations=16 (full 0):
 garbage-first heap   total 65536K, used 23980K [0x0000000081e00000, 0x0000000100000000)
  region size 1024K, 2 young (2048K), 2 survivors (2048K)
 Metaspace       used 58137K, committed 58624K, reserved 1114112K
  class space    used 7681K, committed 7872K, reserved 1048576K
}
Event: 6.154 GC heap before
{Heap before GC invocations=16 (full 0):
 garbage-first heap   total 65536K, used 41388K [0x0000000081e00000, 0x0000000100000000)
  region size 1024K, 20 young (20480K), 2 survivors (2048K)
 Metaspace       used 60655K, committed 61120K, reserved 1114112K
  class space    used 8158K, committed 8384K, reserved 1048576K
}
Event: 6.157 GC heap after
{Heap after GC invocations=17 (full 0):
 garbage-first heap   total 65536K, used 24333K [0x0000000081e00000, 0x0000000100000000)
  region size 1024K, 3 young (3072K), 3 survivors (3072K)
 Metaspace       used 60655K, committed 61120K, reserved 1114112K
  class space    used 8158K, committed 8384K, reserved 1048576K
}
Event: 6.732 GC heap before
{Heap before GC invocations=18 (full 0):
 garbage-first heap   total 65536K, used 50957K [0x0000000081e00000, 0x0000000100000000)
  region size 1024K, 29 young (29696K), 3 survivors (3072K)
 Metaspace       used 65738K, committed 66240K, reserved 1114112K
  class space    used 8926K, committed 9152K, reserved 1048576K
}
Event: 6.737 GC heap after
{Heap after GC invocations=19 (full 0):
 garbage-first heap   total 65536K, used 26305K [0x0000000081e00000, 0x0000000100000000)
  region size 1024K, 4 young (4096K), 4 survivors (4096K)
 Metaspace       used 65738K, committed 66240K, reserved 1114112K
  class space    used 8926K, committed 9152K, reserved 1048576K
}
Event: 7.176 GC heap before
{Heap before GC invocations=20 (full 0):
 garbage-first heap   total 65536K, used 50881K [0x0000000081e00000, 0x0000000100000000)
  region size 1024K, 29 young (29696K), 4 survivors (4096K)
 Metaspace       used 69690K, committed 70272K, reserved 1114112K
  class space    used 9757K, committed 10048K, reserved 1048576K
}
Event: 7.183 GC heap after
{Heap after GC invocations=21 (full 0):
 garbage-first heap   total 65536K, used 29070K [0x0000000081e00000, 0x0000000100000000)
  region size 1024K, 3 young (3072K), 3 survivors (3072K)
 Metaspace       used 69690K, committed 70272K, reserved 1114112K
  class space    used 9757K, committed 10048K, reserved 1048576K
}
Event: 7.438 GC heap before
{Heap before GC invocations=21 (full 0):
 garbage-first heap   total 65536K, used 50574K [0x0000000081e00000, 0x0000000100000000)
  region size 1024K, 25 young (25600K), 3 survivors (3072K)
 Metaspace       used 72189K, committed 72704K, reserved 1114112K
  class space    used 10102K, committed 10368K, reserved 1048576K
}
Event: 7.443 GC heap after
{Heap after GC invocations=22 (full 0):
 garbage-first heap   total 65536K, used 30613K [0x0000000081e00000, 0x0000000100000000)
  region size 1024K, 2 young (2048K), 2 survivors (2048K)
 Metaspace       used 72189K, committed 72704K, reserved 1114112K
  class space    used 10102K, committed 10368K, reserved 1048576K
}
Event: 7.870 GC heap before
{Heap before GC invocations=22 (full 0):
 garbage-first heap   total 65536K, used 52117K [0x0000000081e00000, 0x0000000100000000)
  region size 1024K, 23 young (23552K), 2 survivors (2048K)
 Metaspace       used 74687K, committed 75200K, reserved 1114112K
  class space    used 10493K, committed 10752K, reserved 1048576K
}
Event: 7.875 GC heap after
{Heap after GC invocations=23 (full 0):
 garbage-first heap   total 65536K, used 32514K [0x0000000081e00000, 0x0000000100000000)
  region size 1024K, 3 young (3072K), 3 survivors (3072K)
 Metaspace       used 74687K, committed 75200K, reserved 1114112K
  class space    used 10493K, committed 10752K, reserved 1048576K
}
Event: 8.275 GC heap before
{Heap before GC invocations=24 (full 0):
 garbage-first heap   total 65536K, used 51970K [0x0000000081e00000, 0x0000000100000000)
  region size 1024K, 22 young (22528K), 3 survivors (3072K)
 Metaspace       used 77530K, committed 78144K, reserved 1179648K
  class space    used 10880K, committed 11200K, reserved 1048576K
}
Event: 8.282 GC heap after
{Heap after GC invocations=25 (full 0):
 garbage-first heap   total 65536K, used 34326K [0x0000000081e00000, 0x0000000100000000)
  region size 1024K, 2 young (2048K), 2 survivors (2048K)
 Metaspace       used 77530K, committed 78144K, reserved 1179648K
  class space    used 10880K, committed 11200K, reserved 1048576K
}
Event: 17.186 GC heap before
{Heap before GC invocations=25 (full 0):
 garbage-first heap   total 65536K, used 50710K [0x0000000081e00000, 0x0000000100000000)
  region size 1024K, 19 young (19456K), 2 survivors (2048K)
 Metaspace       used 79639K, committed 80256K, reserved 1179648K
  class space    used 11162K, committed 11456K, reserved 1048576K
}
Event: 17.191 GC heap after
{Heap after GC invocations=26 (full 0):
 garbage-first heap   total 78848K, used 34837K [0x0000000081e00000, 0x0000000100000000)
  region size 1024K, 1 young (1024K), 1 survivors (1024K)
 Metaspace       used 79639K, committed 80256K, reserved 1179648K
  class space    used 11162K, committed 11456K, reserved 1048576K
}

Dll operation events (10 events):
Event: 0.010 Loaded shared library C:\sts-4.22.1.RELEASE\plugins\org.eclipse.justj.openjdk.hotspot.jre.full.win32.x86_64_17.0.11.v20240426-1830\jre\bin\java.dll
Event: 0.407 Loaded shared library C:\sts-4.22.1.RELEASE\plugins\org.eclipse.justj.openjdk.hotspot.jre.full.win32.x86_64_17.0.11.v20240426-1830\jre\bin\jimage.dll
Event: 0.425 Loaded shared library C:\sts-4.22.1.RELEASE\plugins\org.eclipse.justj.openjdk.hotspot.jre.full.win32.x86_64_17.0.11.v20240426-1830\jre\bin\net.dll
Event: 0.427 Loaded shared library C:\sts-4.22.1.RELEASE\plugins\org.eclipse.justj.openjdk.hotspot.jre.full.win32.x86_64_17.0.11.v20240426-1830\jre\bin\nio.dll
Event: 0.432 Loaded shared library C:\sts-4.22.1.RELEASE\plugins\org.eclipse.justj.openjdk.hotspot.jre.full.win32.x86_64_17.0.11.v20240426-1830\jre\bin\zip.dll
Event: 0.493 Loaded shared library C:\sts-4.22.1.RELEASE\plugins\org.eclipse.justj.openjdk.hotspot.jre.full.win32.x86_64_17.0.11.v20240426-1830\jre\bin\management.dll
Event: 0.506 Loaded shared library C:\sts-4.22.1.RELEASE\plugins\org.eclipse.justj.openjdk.hotspot.jre.full.win32.x86_64_17.0.11.v20240426-1830\jre\bin\management_ext.dll
Event: 0.725 Loaded shared library C:\sts-4.22.1.RELEASE\plugins\org.eclipse.justj.openjdk.hotspot.jre.full.win32.x86_64_17.0.11.v20240426-1830\jre\bin\extnet.dll
Event: 2.196 Loaded shared library C:\sts-4.22.1.RELEASE\plugins\org.eclipse.justj.openjdk.hotspot.jre.full.win32.x86_64_17.0.11.v20240426-1830\jre\bin\sunmscapi.dll
Event: 4.794 Loaded shared library C:\sts-4.22.1.RELEASE\plugins\org.eclipse.justj.openjdk.hotspot.jre.full.win32.x86_64_17.0.11.v20240426-1830\jre\bin\verify.dll

Deoptimization events (6 events):
Event: 3.402 Thread 0x000001bf6dd6cb70 DEOPT PACKING pc=0x000001bf7333a64c sp=0x000000a3eaefd3c0
Event: 3.402 Thread 0x000001bf6dd6cb70 DEOPT UNPACKING pc=0x000001bf72cc7143 sp=0x000000a3eaefc878 mode 0
Event: 6.748 Thread 0x000001bf6dd6cb70 DEOPT PACKING pc=0x000001bf73478d1c sp=0x000000a3eaefbdc0
Event: 6.748 Thread 0x000001bf6dd6cb70 DEOPT UNPACKING pc=0x000001bf72cc7143 sp=0x000000a3eaefb318 mode 0
Event: 7.290 Thread 0x000001bf6dd6cb70 DEOPT PACKING pc=0x000001bf731a0352 sp=0x000000a3eaefc070
Event: 7.290 Thread 0x000001bf6dd6cb70 DEOPT UNPACKING pc=0x000001bf72cc7143 sp=0x000000a3eaefb578 mode 3

Classes unloaded (0 events):
No events

Classes redefined (0 events):
No events

Internal exceptions (20 events):
Event: 7.342 Thread 0x000001bf6dd6cb70 Exception <a 'sun/nio/fs/WindowsException'{0x0000000084de5c60}> (0x0000000084de5c60) 
thrown [s\src\hotspot\share\prims\jni.cpp, line 516]
Event: 7.434 Thread 0x000001bf7dc8a1f0 Exception <a 'java/lang/reflect/InvocationTargetException'{0x00000000848e08a0}> (0x00000000848e08a0) 
thrown [s\src\hotspot\share\runtime\reflection.cpp, line 1121]
Event: 7.674 Thread 0x000001bf6dd6cb70 Exception <a 'sun/nio/fs/WindowsException'{0x00000000853509c8}> (0x00000000853509c8) 
thrown [s\src\hotspot\share\prims\jni.cpp, line 516]
Event: 7.720 Thread 0x000001bf6dd6cb70 Exception <a 'java/lang/IncompatibleClassChangeError'{0x0000000084f79528}: Found class java.lang.Object, but interface was expected> (0x0000000084f79528) 
thrown [s\src\hotspot\share\interpreter\linkResolver.cpp, line 826]
Event: 7.866 Thread 0x000001bf6dd6cb70 Exception <a 'java/lang/NoSuchMethodError'{0x00000000849c7858}: 'void java.lang.invoke.DirectMethodHandle$Holder.invokeVirtual(java.lang.Object, java.lang.Object, long)'> (0x00000000849c7858) 
thrown [s\src\hotspot\share\interpreter\linkResolver.cpp, line 759]
Event: 7.939 Thread 0x000001bf7dc8a1f0 Exception <a 'java/lang/reflect/InvocationTargetException'{0x0000000088501bd0}> (0x0000000088501bd0) 
thrown [s\src\hotspot\share\runtime\reflection.cpp, line 1121]
Event: 7.958 Thread 0x000001bf6dd6cb70 Exception <a 'java/lang/NoSuchMethodError'{0x00000000885b18a8}: 'int java.lang.invoke.DirectMethodHandle$Holder.invokeStaticInit(java.lang.Object, java.lang.Object, java.lang.Object, java.lang.Object)'> (0x00000000885b18a8) 
thrown [s\src\hotspot\share\interpreter\linkResolver.cpp, line 759]
Event: 8.040 Thread 0x000001bf6dd6cb70 Exception <a 'java/lang/IncompatibleClassChangeError'{0x000000008565a918}: Found class java.lang.Object, but interface was expected> (0x000000008565a918) 
thrown [s\src\hotspot\share\interpreter\linkResolver.cpp, line 826]
Event: 8.113 Thread 0x000001bf6dd6cb70 Exception <a 'java/lang/NoSuchMethodError'{0x00000000851aa700}: 'java.lang.Object java.lang.invoke.DirectMethodHandle$Holder.newInvokeSpecial(java.lang.Object, java.lang.Object, int, java.lang.Object, java.lang.Object)'> (0x00000000851aa700) 
thrown [s\src\hotspot\share\interpreter\linkResolver.cpp, line 759]
Event: 8.114 Thread 0x000001bf6dd6cb70 Exception <a 'java/lang/NoSuchMethodError'{0x00000000851b5c80}: 'java.lang.Object java.lang.invoke.DirectMethodHandle$Holder.invokeSpecial(java.lang.Object, java.lang.Object, int, java.lang.Object, int, java.lang.Object)'> (0x00000000851b5c80) 
thrown [s\src\hotspot\share\interpreter\linkResolver.cpp, line 759]
Event: 8.114 Thread 0x000001bf6dd6cb70 Exception <a 'java/lang/NoSuchMethodError'{0x00000000851bda88}: 'java.lang.Object java.lang.invoke.DirectMethodHandle$Holder.newInvokeSpecial(java.lang.Object, java.lang.Object, int, java.lang.Object, int)'> (0x00000000851bda88) 
thrown [s\src\hotspot\share\interpreter\linkResolver.cpp, line 759]
Event: 8.114 Thread 0x000001bf6dd6cb70 Exception <a 'java/lang/NoSuchMethodError'{0x00000000851c1bb0}: 'java.lang.Object java.lang.invoke.DirectMethodHandle$Holder.invokeSpecial(java.lang.Object, java.lang.Object, java.lang.Object, int, java.lang.Object, int)'> (0x00000000851c1bb0) 
thrown [s\src\hotspot\share\interpreter\linkResolver.cpp, line 759]
Event: 8.204 Thread 0x000001bf6dd6cb70 Exception <a 'java/lang/NoSuchMethodError'{0x0000000084dcbec8}: 'int java.lang.invoke.DirectMethodHandle$Holder.invokeStatic(java.lang.Object, java.lang.Object, int, int)'> (0x0000000084dcbec8) 
thrown [s\src\hotspot\share\interpreter\linkResolver.cpp, line 759]
Event: 8.262 Thread 0x000001bf6dd6cb70 Exception <a 'java/lang/IncompatibleClassChangeError'{0x0000000084bb9010}: Found class java.lang.Object, but interface was expected> (0x0000000084bb9010) 
thrown [s\src\hotspot\share\interpreter\linkResolver.cpp, line 826]
Event: 8.294 Thread 0x000001bf6dd6cb70 Exception <a 'java/lang/NoSuchMethodError'{0x0000000089d8c040}: 'void java.lang.invoke.DirectMethodHandle$Holder.invokeSpecialIFC(java.lang.Object, java.lang.Object, int, java.lang.Object, java.lang.Object, java.lang.Object, java.lang.Object)'> (0x0000000089d8c040) 
thrown [s\src\hotspot\share\interpreter\linkResolver.cpp, line 759]
Event: 8.372 Thread 0x000001bf6dd6cb70 Exception <a 'java/lang/IncompatibleClassChangeError'{0x0000000088514da0}: Found class java.lang.Object, but interface was expected> (0x0000000088514da0) 
thrown [s\src\hotspot\share\interpreter\linkResolver.cpp, line 826]
Event: 9.126 Thread 0x000001bf6dd6cb70 Exception <a 'java/lang/IncompatibleClassChangeError'{0x0000000085089af0}: Found class java.lang.Object, but interface was expected> (0x0000000085089af0) 
thrown [s\src\hotspot\share\interpreter\linkResolver.cpp, line 826]
Event: 17.066 Thread 0x000001bf7e626850 Exception <a 'java/lang/NoSuchMethodError'{0x0000000084e6e830}: 'java.lang.Object java.lang.invoke.DirectMethodHandle$Holder.invokeSpecial(java.lang.Object, java.lang.Object, java.lang.Object, java.lang.Object, java.lang.Object, long)'> (0x0000000084e6e830) 
thrown [s\src\hotspot\share\interpreter\linkResolver.cpp, line 759]
Event: 17.067 Thread 0x000001bf7e626850 Exception <a 'java/lang/NoSuchMethodError'{0x0000000084e72298}: 'java.lang.Object java.lang.invoke.Invokers$Holder.linkToTargetMethod(java.lang.Object, java.lang.Object, java.lang.Object, long, java.lang.Object)'> (0x0000000084e72298) 
thrown [s\src\hotspot\share\interpreter\linkResolver.cpp, line 759]
Event: 17.204 Thread 0x000001bf7e626850 Exception <a 'java/lang/NoSuchMethodError'{0x0000000089d55718}: 'java.lang.Object java.lang.invoke.DirectMethodHandle$Holder.invokeStatic(java.lang.Object, int, int)'> (0x0000000089d55718) 
thrown [s\src\hotspot\share\interpreter\linkResolver.cpp, line 759]

VM Operations (20 events):
Event: 7.901 Executing VM operation: HandshakeAllThreads
Event: 7.901 Executing VM operation: HandshakeAllThreads done
Event: 7.935 Executing VM operation: G1PauseRemark
Event: 7.938 Executing VM operation: G1PauseRemark done
Event: 7.960 Executing VM operation: G1PauseCleanup
Event: 7.960 Executing VM operation: G1PauseCleanup done
Event: 8.275 Executing VM operation: G1CollectForAllocation
Event: 8.282 Executing VM operation: G1CollectForAllocation done
Event: 9.293 Executing VM operation: Cleanup
Event: 9.293 Executing VM operation: Cleanup done
Event: 10.308 Executing VM operation: Cleanup
Event: 10.308 Executing VM operation: Cleanup done
Event: 11.321 Executing VM operation: Cleanup
Event: 11.322 Executing VM operation: Cleanup done
Event: 17.128 Executing VM operation: HandshakeAllThreads
Event: 17.128 Executing VM operation: HandshakeAllThreads done
Event: 17.128 Executing VM operation: Cleanup
Event: 17.128 Executing VM operation: Cleanup done
Event: 17.186 Executing VM operation: G1CollectForAllocation
Event: 17.191 Executing VM operation: G1CollectForAllocation done

Events (20 events):
Event: 16.974 loading class java/nio/channels/spi/AbstractSelectionKey
Event: 16.975 loading class java/nio/channels/SelectionKey
Event: 16.975 loading class java/nio/channels/SelectionKey done
Event: 16.975 loading class java/nio/channels/spi/AbstractSelectionKey done
Event: 16.975 loading class sun/nio/ch/SelectionKeyImpl done
Event: 16.975 loading class java/lang/invoke/ConstantBootstraps
Event: 16.975 loading class java/lang/invoke/ConstantBootstraps done
Event: 17.048 Thread 0x000001bf7d47e2a0 Thread exited: 0x000001bf7d47e2a0
Event: 17.204 loading class java/util/ArrayList$SubList$2
Event: 17.205 loading class java/util/ArrayList$SubList$2 done
Event: 17.230 loading class java/util/stream/ReferencePipeline$4
Event: 17.230 loading class java/util/stream/ReferencePipeline$4 done
Event: 17.230 loading class java/util/function/IntBinaryOperator
Event: 17.230 loading class java/util/function/IntBinaryOperator done
Event: 17.231 loading class java/util/stream/ReduceOps$7
Event: 17.231 loading class java/util/stream/ReduceOps$7 done
Event: 17.231 loading class java/util/stream/ReduceOps$6ReducingSink
Event: 17.231 loading class java/util/stream/ReduceOps$6ReducingSink done
Event: 17.231 loading class java/util/stream/ReferencePipeline$4$1
Event: 17.231 loading class java/util/stream/ReferencePipeline$4$1 done


Dynamic libraries:
0x00007ff68ae40000 - 0x00007ff68ae4e000 	C:\sts-4.22.1.RELEASE\plugins\org.eclipse.justj.openjdk.hotspot.jre.full.win32.x86_64_17.0.11.v20240426-1830\jre\bin\javaw.exe
0x00007fff44310000 - 0x00007fff44508000 	C:\WINDOWS\SYSTEM32\ntdll.dll
0x00007fff42c40000 - 0x00007fff42cfd000 	C:\WINDOWS\System32\KERNEL32.DLL
0x00007fff41e10000 - 0x00007fff42106000 	C:\WINDOWS\System32\KERNELBASE.dll
0x00007fff42250000 - 0x00007fff42350000 	C:\WINDOWS\System32\ucrtbase.dll
0x00007fff1a9a0000 - 0x00007fff1a9bb000 	C:\sts-4.22.1.RELEASE\plugins\org.eclipse.justj.openjdk.hotspot.jre.full.win32.x86_64_17.0.11.v20240426-1830\jre\bin\VCRUNTIME140.dll
0x00007fff376b0000 - 0x00007fff376c7000 	C:\sts-4.22.1.RELEASE\plugins\org.eclipse.justj.openjdk.hotspot.jre.full.win32.x86_64_17.0.11.v20240426-1830\jre\bin\jli.dll
0x00007fff429d0000 - 0x00007fff42b6f000 	C:\WINDOWS\System32\USER32.dll
0x00007fff41a70000 - 0x00007fff41a92000 	C:\WINDOWS\System32\win32u.dll
0x00007fff26550000 - 0x00007fff267ea000 	C:\WINDOWS\WinSxS\amd64_microsoft.windows.common-controls_6595b64144ccf1df_6.0.19041.4355_none_60b8b9eb71f62e16\COMCTL32.dll
0x00007fff43e00000 - 0x00007fff43e2b000 	C:\WINDOWS\System32\GDI32.dll
0x00007fff42b90000 - 0x00007fff42c2e000 	C:\WINDOWS\System32\msvcrt.dll
0x00007fff41aa0000 - 0x00007fff41bb7000 	C:\WINDOWS\System32\gdi32full.dll
0x00007fff41d20000 - 0x00007fff41dbd000 	C:\WINDOWS\System32\msvcp_win.dll
0x00007fff42e30000 - 0x00007fff42e5f000 	C:\WINDOWS\System32\IMM32.DLL
0x00007fff345e0000 - 0x00007fff345ec000 	C:\sts-4.22.1.RELEASE\plugins\org.eclipse.justj.openjdk.hotspot.jre.full.win32.x86_64_17.0.11.v20240426-1830\jre\bin\vcruntime140_1.dll
0x00007fff0b4b0000 - 0x00007fff0b53d000 	C:\sts-4.22.1.RELEASE\plugins\org.eclipse.justj.openjdk.hotspot.jre.full.win32.x86_64_17.0.11.v20240426-1830\jre\bin\msvcp140.dll
0x00007ffecd390000 - 0x00007ffecdff2000 	C:\sts-4.22.1.RELEASE\plugins\org.eclipse.justj.openjdk.hotspot.jre.full.win32.x86_64_17.0.11.v20240426-1830\jre\bin\server\jvm.dll
0x00007fff42530000 - 0x00007fff425e0000 	C:\WINDOWS\System32\ADVAPI32.dll
0x00007fff43fe0000 - 0x00007fff44080000 	C:\WINDOWS\System32\sechost.dll
0x00007fff43560000 - 0x00007fff43683000 	C:\WINDOWS\System32\RPCRT4.dll
0x00007fff41a40000 - 0x00007fff41a67000 	C:\WINDOWS\System32\bcrypt.dll
0x00007fff41820000 - 0x00007fff4186b000 	C:\WINDOWS\SYSTEM32\POWRPROF.dll
0x00007fff387c0000 - 0x00007fff387c9000 	C:\WINDOWS\SYSTEM32\WSOCK32.dll
0x00007fff44200000 - 0x00007fff4426b000 	C:\WINDOWS\System32\WS2_32.dll
0x00007fff37de0000 - 0x00007fff37dea000 	C:\WINDOWS\SYSTEM32\VERSION.dll
0x00007fff1efc0000 - 0x00007fff1efe7000 	C:\WINDOWS\SYSTEM32\WINMM.dll
0x00007fff41800000 - 0x00007fff41812000 	C:\WINDOWS\SYSTEM32\UMPDC.dll
0x00007fff401d0000 - 0x00007fff401e2000 	C:\WINDOWS\SYSTEM32\kernel.appcore.dll
0x00007fff387b0000 - 0x00007fff387ba000 	C:\sts-4.22.1.RELEASE\plugins\org.eclipse.justj.openjdk.hotspot.jre.full.win32.x86_64_17.0.11.v20240426-1830\jre\bin\jimage.dll
0x00007fff3bd90000 - 0x00007fff3bf74000 	C:\WINDOWS\SYSTEM32\DBGHELP.DLL
0x00007fff295a0000 - 0x00007fff295d4000 	C:\WINDOWS\SYSTEM32\dbgcore.DLL
0x00007fff42110000 - 0x00007fff42192000 	C:\WINDOWS\System32\bcryptPrimitives.dll
0x00007fff1b1f0000 - 0x00007fff1b215000 	C:\sts-4.22.1.RELEASE\plugins\org.eclipse.justj.openjdk.hotspot.jre.full.win32.x86_64_17.0.11.v20240426-1830\jre\bin\java.dll
0x00007fff285e0000 - 0x00007fff285f8000 	C:\sts-4.22.1.RELEASE\plugins\org.eclipse.justj.openjdk.hotspot.jre.full.win32.x86_64_17.0.11.v20240426-1830\jre\bin\zip.dll
0x00007fff43690000 - 0x00007fff43dfc000 	C:\WINDOWS\System32\SHELL32.dll
0x00007fff3fa30000 - 0x00007fff401cd000 	C:\WINDOWS\SYSTEM32\windows.storage.dll
0x00007fff42670000 - 0x00007fff429c3000 	C:\WINDOWS\System32\combase.dll
0x00007fff41320000 - 0x00007fff4134e000 	C:\WINDOWS\SYSTEM32\Wldp.dll
0x00007fff423b0000 - 0x00007fff4247d000 	C:\WINDOWS\System32\OLEAUT32.dll
0x00007fff42480000 - 0x00007fff4252d000 	C:\WINDOWS\System32\SHCORE.dll
0x00007fff42e60000 - 0x00007fff42eb5000 	C:\WINDOWS\System32\shlwapi.dll
0x00007fff41900000 - 0x00007fff41924000 	C:\WINDOWS\SYSTEM32\profapi.dll
0x00007fff27fe0000 - 0x00007fff27ff9000 	C:\sts-4.22.1.RELEASE\plugins\org.eclipse.justj.openjdk.hotspot.jre.full.win32.x86_64_17.0.11.v20240426-1830\jre\bin\net.dll
0x00007fff35fa0000 - 0x00007fff360aa000 	C:\WINDOWS\SYSTEM32\WINHTTP.dll
0x00007fff41080000 - 0x00007fff410ea000 	C:\WINDOWS\system32\mswsock.dll
0x00007fff25650000 - 0x00007fff25666000 	C:\sts-4.22.1.RELEASE\plugins\org.eclipse.justj.openjdk.hotspot.jre.full.win32.x86_64_17.0.11.v20240426-1830\jre\bin\nio.dll
0x00007fff37870000 - 0x00007fff37879000 	C:\sts-4.22.1.RELEASE\plugins\org.eclipse.justj.openjdk.hotspot.jre.full.win32.x86_64_17.0.11.v20240426-1830\jre\bin\management.dll
0x00007fff37860000 - 0x00007fff3786b000 	C:\sts-4.22.1.RELEASE\plugins\org.eclipse.justj.openjdk.hotspot.jre.full.win32.x86_64_17.0.11.v20240426-1830\jre\bin\management_ext.dll
0x00007fff42c30000 - 0x00007fff42c38000 	C:\WINDOWS\System32\PSAPI.DLL
0x00007fff263e0000 - 0x00007fff263f7000 	C:\WINDOWS\system32\napinsp.dll
0x00007fff262b0000 - 0x00007fff262cb000 	C:\WINDOWS\system32\pnrpnsp.dll
0x00007fff3af60000 - 0x00007fff3af75000 	C:\WINDOWS\system32\wshbth.dll
0x00007fff38f70000 - 0x00007fff38f8d000 	C:\WINDOWS\system32\NLAapi.dll
0x00007fff40d60000 - 0x00007fff40d9b000 	C:\WINDOWS\SYSTEM32\IPHLPAPI.DLL
0x00007fff40da0000 - 0x00007fff40e6a000 	C:\WINDOWS\SYSTEM32\DNSAPI.dll
0x00007fff42b80000 - 0x00007fff42b88000 	C:\WINDOWS\System32\NSI.dll
0x00007fff26170000 - 0x00007fff26182000 	C:\WINDOWS\System32\winrnr.dll
0x00007fff36fe0000 - 0x00007fff36fea000 	C:\Windows\System32\rasadhlp.dll
0x00007fff2d550000 - 0x00007fff2d5d0000 	C:\WINDOWS\System32\fwpuclnt.dll
0x00007fff41270000 - 0x00007fff41288000 	C:\WINDOWS\SYSTEM32\CRYPTSP.dll
0x00007fff409a0000 - 0x00007fff409d4000 	C:\WINDOWS\system32\rsaenh.dll
0x00007fff418b0000 - 0x00007fff418de000 	C:\WINDOWS\SYSTEM32\USERENV.dll
0x00007fff41290000 - 0x00007fff4129c000 	C:\WINDOWS\SYSTEM32\CRYPTBASE.dll
0x00007fff35cc0000 - 0x00007fff35cd7000 	C:\WINDOWS\SYSTEM32\dhcpcsvc6.DLL
0x00007fff36f90000 - 0x00007fff36fad000 	C:\WINDOWS\SYSTEM32\dhcpcsvc.DLL
0x00007fff26120000 - 0x00007fff26129000 	C:\sts-4.22.1.RELEASE\plugins\org.eclipse.justj.openjdk.hotspot.jre.full.win32.x86_64_17.0.11.v20240426-1830\jre\bin\extnet.dll
0x00007fff345f0000 - 0x00007fff345fe000 	C:\sts-4.22.1.RELEASE\plugins\org.eclipse.justj.openjdk.hotspot.jre.full.win32.x86_64_17.0.11.v20240426-1830\jre\bin\sunmscapi.dll
0x00007fff41bc0000 - 0x00007fff41d1e000 	C:\WINDOWS\System32\CRYPT32.dll
0x00007fff41390000 - 0x00007fff413b9000 	C:\WINDOWS\SYSTEM32\ncrypt.dll
0x00007fff41350000 - 0x00007fff4138b000 	C:\WINDOWS\SYSTEM32\NTASN1.dll
0x00007fff34580000 - 0x00007fff34590000 	C:\sts-4.22.1.RELEASE\plugins\org.eclipse.justj.openjdk.hotspot.jre.full.win32.x86_64_17.0.11.v20240426-1830\jre\bin\verify.dll
0x00007fff1aa50000 - 0x00007fff1aa57000 	C:\WINDOWS\system32\wshunix.dll

dbghelp: loaded successfully - version: 4.0.5 - missing functions: none
symbol engine: initialized successfully - sym options: 0x614 - pdb path: .;C:\sts-4.22.1.RELEASE\plugins\org.eclipse.justj.openjdk.hotspot.jre.full.win32.x86_64_17.0.11.v20240426-1830\jre\bin;C:\WINDOWS\SYSTEM32;C:\WINDOWS\WinSxS\amd64_microsoft.windows.common-controls_6595b64144ccf1df_6.0.19041.4355_none_60b8b9eb71f62e16;C:\sts-4.22.1.RELEASE\plugins\org.eclipse.justj.openjdk.hotspot.jre.full.win32.x86_64_17.0.11.v20240426-1830\jre\bin\server

VM Arguments:
jvm_args: -Dcom.sun.management.jmxremote -Dcom.sun.management.jmxremote.port=60758 -Dcom.sun.management.jmxremote.authenticate=false -Dcom.sun.management.jmxremote.ssl=false -Djava.rmi.server.hostname=localhost -Dspring.jmx.enabled=true -Dmanagement.endpoints.jmx.exposure.include=* -Dspring.application.admin.enabled=true -XX:TieredStopAtLevel=1 -Dspring.boot.project.name=spring-webservice -Dfile.encoding=UTF-8 -Dstdout.encoding=UTF-8 -Dstderr.encoding=UTF-8 -XX:+ShowCodeDetailsInExceptionMessages 
java_command: com.springbackend.webservice.WebserviceApplication --spring.output.ansi.enabled=always
java_class_path (initial): C:\ws-sts-spring\spring-webservice\target\classes;C:\Users\Heliel\.m2\repository\org\springframework\boot\spring-boot-starter-web\3.2.5\spring-boot-starter-web-3.2.5.jar;C:\Users\Heliel\.m2\repository\org\springframework\boot\spring-boot-starter\3.2.5\spring-boot-starter-3.2.5.jar;C:\Users\Heliel\.m2\repository\org\springframework\boot\spring-boot\3.2.5\spring-boot-3.2.5.jar;C:\Users\Heliel\.m2\repository\org\springframework\boot\spring-boot-autoconfigure\3.2.5\spring-boot-autoconfigure-3.2.5.jar;C:\Users\Heliel\.m2\repository\org\springframework\boot\spring-boot-starter-logging\3.2.5\spring-boot-starter-logging-3.2.5.jar;C:\Users\Heliel\.m2\repository\ch\qos\logback\logback-classic\1.4.14\logback-classic-1.4.14.jar;C:\Users\Heliel\.m2\repository\ch\qos\logback\logback-core\1.4.14\logback-core-1.4.14.jar;C:\Users\Heliel\.m2\repository\org\apache\logging\log4j\log4j-to-slf4j\2.21.1\log4j-to-slf4j-2.21.1.jar;C:\Users\Heliel\.m2\repository\org\apache\logging\log4j\log4j-api\2.21.1\log4j-api-2.21.1.jar;C:\Users\Heliel\.m2\repository\org\slf4j\jul-to-slf4j\2.0.13\jul-to-slf4j-2.0.13.jar;C:\Users\Heliel\.m2\repository\jakarta\annotation\jakarta.annotation-api\2.1.1\jakarta.annotation-api-2.1.1.jar;C:\Users\Heliel\.m2\repository\org\yaml\snakeyaml\2.2\snakeyaml-2.2.jar;C:\Users\Heliel\.m2\repository\org\springframework\boot\spring-boot-starter-json\3.2.5\spring-boot-starter-json-3.2.5.jar;C:\Users\Heliel\.m2\repository\com\fasterxml\jackson\datatype\jackson-datatype-jdk8\2.15.4\jackson-datatype-jdk8-2.15.4.jar;C:\Users\Heliel\.m2\repository\com\fasterxml\jackson\datatype\jackson-datatype-jsr310\2.15.4\jackson-datatype-jsr310-2.15.4.jar;C:\Users\Heliel\.m2\repository\com\fasterxml\jackson\module\jackson-module-parameter-names\2.15.4\jackson-module-parameter-names-2.15.4.jar;C:\Users\Heliel\.m2\repository\org\springframework\boot\spring-boot-starter-tomcat\3.2.5\spring-boot-starter-tomcat-3.2.5.jar;C:\Users\Heliel\.m2\repository\org\apache\tomcat
Launcher Type: SUN_STANDARD

[Global flags]
     intx CICompilerCount                          = 3                                         {product} {ergonomic}
     uint ConcGCThreads                            = 1                                         {product} {ergonomic}
     uint G1ConcRefinementThreads                  = 4                                         {product} {ergonomic}
   size_t G1HeapRegionSize                         = 1048576                                   {product} {ergonomic}
    uintx GCDrainStackTargetSize                   = 64                                        {product} {ergonomic}
   size_t InitialHeapSize                          = 134217728                                 {product} {ergonomic}
     bool ManagementServer                         = true                                      {product} {command line}
   size_t MarkStackSize                            = 4194304                                   {product} {ergonomic}
   size_t MaxHeapSize                              = 2116026368                                {product} {ergonomic}
   size_t MaxNewSize                               = 1268776960                                {product} {ergonomic}
   size_t MinHeapDeltaBytes                        = 1048576                                   {product} {ergonomic}
   size_t MinHeapSize                              = 8388608                                   {product} {ergonomic}
    uintx NonProfiledCodeHeapSize                  = 0                                      {pd product} {ergonomic}
     bool ProfileInterpreter                       = false                                  {pd product} {command line}
    uintx ProfiledCodeHeapSize                     = 0                                      {pd product} {ergonomic}
     bool ShowCodeDetailsInExceptionMessages       = true                                   {manageable} {command line}
   size_t SoftMaxHeapSize                          = 2116026368                             {manageable} {ergonomic}
     intx TieredStopAtLevel                        = 1                                         {product} {command line}
     bool UseCompressedClassPointers               = true                           {product lp64_product} {ergonomic}
     bool UseCompressedOops                        = true                           {product lp64_product} {ergonomic}
     bool UseG1GC                                  = true                                      {product} {ergonomic}
     bool UseLargePagesIndividualAllocation        = false                                  {pd product} {ergonomic}

Logging:
Log output configuration:
 #0: stdout all=warning uptime,level,tags
 #1: stderr all=off uptime,level,tags

Environment Variables:
PATH=C:/sts-4.22.1.RELEASE//plugins/org.eclipse.justj.openjdk.hotspot.jre.full.win32.x86_64_17.0.11.v20240426-1830/jre/bin/server;C:/sts-4.22.1.RELEASE//plugins/org.eclipse.justj.openjdk.hotspot.jre.full.win32.x86_64_17.0.11.v20240426-1830/jre/bin;your-unique-entries;%JAVA_HOME%\bin;C:\Program Files\PuTTY\;C:\OpenSSH-Win64;C:\Users\Heliel\AppData\Local\Microsoft\WindowsApps;C:\Users\Heliel\AppData\Local\Programs\Microsoft VS Code\bin;C:\Users\Heliel\.dotnet\tools;C:\Program Files\MySQL\MySQL Server 8.0\bin;C:\Program Files\Azure Data Studio\bin;C:\Users\Heliel\AppData\Roaming\npm;C:\Users\Heliel\AppData\Local\JetBrains\IntelliJ IDEA Community Edition 2023.2\bin;;C:\ProgramData\Heliel\GitHubDesktop\bin;C:\Users\Heliel\AppData\Local\GitHubDesktop\bin;C:\Program Files\Java\zulu17.36.17-ca-jdk17.0.4.1-win_x64\bin;;C:\sts-4.22.1.RELEASE;
USERNAME=Heliel
OS=Windows_NT
PROCESSOR_IDENTIFIER=Intel64 Family 6 Model 142 Stepping 9, GenuineIntel
TMP=C:\Users\Heliel\AppData\Local\Temp
TEMP=C:\Users\Heliel\AppData\Local\Temp



Periodic native trim disabled


---------------  S Y S T E M  ---------------

OS:
 Windows 10 , 64 bit Build 19041 (10.0.19041.3636)
OS uptime: 0 days 20:50 hours

CPU: total 4 (initial active 4) (2 cores per cpu, 2 threads per core) family 6 model 142 stepping 9 microcode 0xb4, cx8, cmov, fxsr, ht, mmx, 3dnowpref, sse, sse2, sse3, ssse3, sse4.1, sse4.2, popcnt, lzcnt, tsc, tscinvbit, avx, avx2, aes, erms, clmul, bmi1, bmi2, adx, fma, vzeroupper, clflush, clflushopt
Processor Information for all 4 processors :
  Max Mhz: 2712, Current Mhz: 2511, Mhz Limit: 2495

Memory: 4k page, system-wide physical 8067M (2285M free)
TotalPageFile size 10499M (AvailPageFile size 2947M)
current process WorkingSet (physical memory assigned to process): 219M, peak: 219M
current process commit charge ("private bytes"): 258M, peak: 258M

vm_info: OpenJDK 64-Bit Server VM (17.0.11+9) for windows-amd64 JRE (17.0.11+9), built on Apr 17 2024 06:07:48 by "admin" with MS VC++ 16.10 / 16.11 (VS2019)

END.
